<?xml version="1.0" encoding="UTF-8"?>
<!-- Generated by org.testng.reporters.JUnitXMLReporter -->
<testsuite ignored="0" hostname="LAPTOP-MRTAKQBR" failures="0" tests="6" name="Surefire test" time="148.044" errors="0" timestamp="2025-10-21T16:20:59 IST">
  <testcase classname="com.snow.TestCases.IncidentTests" name="verifyIncidentProcess" time="26.46"/>
  <testcase classname="com.snow.TestCases.IncidentTests" name="verifyIncidentProcess" time="27.51"/>
  <testcase classname="com.snow.TestCases.IncidentTests" name="verifyIncidentProcess" time="26.996"/>
  <testcase classname="com.snow.TestCases.LoginTests" name="tc_001_verifyLoginfunctionality" time="6.289"/>
  <testcase classname="com.snow.TestCases.LoginTests" name="tc_001_verifyLoginfunctionality" time="1.682"/>
  <testcase classname="com.snow.TestCases.LoginTests" name="tc_001_verifyLoginfunctionality" time="1.64"/>
</testsuite> <!-- Surefire test -->
