<?xml version="1.0" encoding="UTF-8"?>
<!-- Generated by org.testng.reporters.JUnitXMLReporter -->
<testsuite ignored="0" hostname="LAPTOP-MRTAKQBR" failures="0" tests="3" name="Default test" time="133.675" errors="0" timestamp="2025-10-12T21:14:48 IST">
  <testcase classname="com.snow.TestCases.IncidentTests" name="verifyIncidentProcess" time="24.995"/>
  <testcase classname="com.snow.TestCases.IncidentTests" name="verifyIncidentProcess" time="24.39"/>
  <testcase classname="com.snow.TestCases.IncidentTests" name="verifyIncidentProcess" time="43.981"/>
</testsuite> <!-- Default test -->
