<?xml version="1.0" encoding="UTF-8"?>
<!-- Generated by org.testng.reporters.JUnitXMLReporter -->
<testsuite ignored="0" hostname="LAPTOP-MRTAKQBR" failures="0" tests="6" name="SnowTestChrome" time="184.205" errors="0" timestamp="2025-10-21T16:37:32 IST">
  <testcase classname="com.snow.TestCases.IncidentTests" name="verifyIncidentProcess" time="36.644"/>
  <testcase classname="com.snow.TestCases.IncidentTests" name="verifyIncidentProcess" time="26.546"/>
  <testcase classname="com.snow.TestCases.IncidentTests" name="verifyIncidentProcess" time="64.968"/>
  <testcase classname="com.snow.TestCases.LoginTests" name="tc_001_verifyLoginfunctionality" time="5.205"/>
  <testcase classname="com.snow.TestCases.LoginTests" name="tc_001_verifyLoginfunctionality" time="3.398"/>
  <testcase classname="com.snow.TestCases.LoginTests" name="tc_001_verifyLoginfunctionality" time="3.095"/>
</testsuite> <!-- SnowTestChrome -->
