<?xml version="1.0" encoding="UTF-8"?>
<!-- Generated by org.testng.reporters.JUnitXMLReporter -->
<testsuite ignored="0" hostname="LAPTOP-MRTAKQBR" failures="0" tests="6" name="SnowTestEdge" time="148.646" errors="0" timestamp="2025-10-21T16:40:00 IST">
  <testcase classname="com.snow.TestCases.IncidentTests" name="verifyIncidentProcess" time="28.469"/>
  <testcase classname="com.snow.TestCases.IncidentTests" name="verifyIncidentProcess" time="30.587"/>
  <testcase classname="com.snow.TestCases.IncidentTests" name="verifyIncidentProcess" time="27.501"/>
  <testcase classname="com.snow.TestCases.LoginTests" name="tc_001_verifyLoginfunctionality" time="10.695"/>
  <testcase classname="com.snow.TestCases.LoginTests" name="tc_001_verifyLoginfunctionality" time="2.274"/>
  <testcase classname="com.snow.TestCases.LoginTests" name="tc_001_verifyLoginfunctionality" time="3.008"/>
</testsuite> <!-- SnowTestEdge -->
