<?xml version="1.0" encoding="UTF-8"?>
<testng-results ignored="0" total="12" passed="12" failed="0" skipped="0">
  <reporter-output>
  </reporter-output>
  <suite started-at="2025-10-21T16:34:27 IST" name="SnowSuite" finished-at="2025-10-21T16:40:00 IST" duration-ms="332870">
    <groups>
    </groups>
    <test started-at="2025-10-21T16:34:27 IST" name="SnowTestChrome" finished-at="2025-10-21T16:37:32 IST" duration-ms="184205">
      <class name="com.snow.TestCases.IncidentTests">
        <test-method is-config="true" signature="setup(java.lang.String)[pri:0, instance:com.snow.TestCases.IncidentTests@384ad17b]" started-at="2025-10-21T16:34:28 IST" name="setup" finished-at="2025-10-21T16:34:31 IST" duration-ms="3334" status="PASS">
          <params>
            <param index="0">
              <value>
                <![CDATA[Chrome]]>
              </value>
            </param>
          </params>
          <reporter-output>
          </reporter-output>
        </test-method> <!-- setup -->
        <test-method signature="verifyIncidentProcess(java.lang.String,java.lang.String,java.lang.String,java.lang.String,java.lang.String,java.lang.String,java.lang.String,java.lang.String,java.lang.String)[pri:0, instance:com.snow.TestCases.IncidentTests@384ad17b]" started-at="2025-10-21T16:34:31 IST" name="verifyIncidentProcess" data-provider="Incident data" finished-at="2025-10-21T16:35:08 IST" duration-ms="36644" status="PASS">
          <params>
            <param index="0">
              <value>
                <![CDATA[1 - High]]>
              </value>
            </param>
            <param index="1">
              <value>
                <![CDATA[1 - High]]>
              </value>
            </param>
            <param index="2">
              <value>
                <![CDATA[1 - Critical]]>
              </value>
            </param>
            <param index="3">
              <value>
                <![CDATA[Software]]>
              </value>
            </param>
            <param index="4">
              <value>
                <![CDATA[Operating System]]>
              </value>
            </param>
            <param index="5">
              <value>
                <![CDATA[Abel Tuter]]>
              </value>
            </param>
            <param index="6">
              <value>
                <![CDATA[P1 Incident]]>
              </value>
            </param>
            <param index="7">
              <value>
                <![CDATA[Phone]]>
              </value>
            </param>
            <param index="8">
              <value>
                <![CDATA[App Engine Admins]]>
              </value>
            </param>
          </params>
          <reporter-output>
          </reporter-output>
        </test-method> <!-- verifyIncidentProcess -->
        <test-method is-config="true" signature="tearDown(org.testng.ITestResult)[pri:0, instance:com.snow.TestCases.IncidentTests@384ad17b]" started-at="2025-10-21T16:35:08 IST" name="tearDown" finished-at="2025-10-21T16:35:09 IST" duration-ms="539" status="PASS">
          <params>
            <param index="0">
              <value>
                <![CDATA[[TestResult name=verifyIncidentProcess status=SUCCESS method=IncidentTests.verifyIncidentProcess(java.lang.String,java.lang.String,java.lang.String,java.lang.String,java.lang.String,java.lang.String,java.lang.String,java.lang.String,java.lang.String)[pri:0, instance:com.snow.TestCases.IncidentTests@384ad17b] output={null}]]]>
              </value>
            </param>
          </params>
          <reporter-output>
          </reporter-output>
        </test-method> <!-- tearDown -->
        <test-method is-config="true" signature="setup(java.lang.String)[pri:0, instance:com.snow.TestCases.IncidentTests@384ad17b]" started-at="2025-10-21T16:35:09 IST" name="setup" finished-at="2025-10-21T16:35:18 IST" duration-ms="9521" status="PASS">
          <params>
            <param index="0">
              <value>
                <![CDATA[Chrome]]>
              </value>
            </param>
          </params>
          <reporter-output>
          </reporter-output>
        </test-method> <!-- setup -->
        <test-method signature="verifyIncidentProcess(java.lang.String,java.lang.String,java.lang.String,java.lang.String,java.lang.String,java.lang.String,java.lang.String,java.lang.String,java.lang.String)[pri:0, instance:com.snow.TestCases.IncidentTests@384ad17b]" started-at="2025-10-21T16:35:18 IST" name="verifyIncidentProcess" data-provider="Incident data" finished-at="2025-10-21T16:35:45 IST" duration-ms="26546" status="PASS">
          <params>
            <param index="0">
              <value>
                <![CDATA[2 - Medium]]>
              </value>
            </param>
            <param index="1">
              <value>
                <![CDATA[2 - Medium]]>
              </value>
            </param>
            <param index="2">
              <value>
                <![CDATA[3 - Moderate]]>
              </value>
            </param>
            <param index="3">
              <value>
                <![CDATA[Hardware]]>
              </value>
            </param>
            <param index="4">
              <value>
                <![CDATA[Keyboard]]>
              </value>
            </param>
            <param index="5">
              <value>
                <![CDATA[Beverley Bunche]]>
              </value>
            </param>
            <param index="6">
              <value>
                <![CDATA[P3 Incident]]>
              </value>
            </param>
            <param index="7">
              <value>
                <![CDATA[Self-service]]>
              </value>
            </param>
            <param index="8">
              <value>
                <![CDATA[Business Application Registration Approval Group]]>
              </value>
            </param>
          </params>
          <reporter-output>
          </reporter-output>
        </test-method> <!-- verifyIncidentProcess -->
        <test-method is-config="true" signature="tearDown(org.testng.ITestResult)[pri:0, instance:com.snow.TestCases.IncidentTests@384ad17b]" started-at="2025-10-21T16:35:45 IST" name="tearDown" finished-at="2025-10-21T16:35:45 IST" duration-ms="284" status="PASS">
          <params>
            <param index="0">
              <value>
                <![CDATA[[TestResult name=verifyIncidentProcess status=SUCCESS method=IncidentTests.verifyIncidentProcess(java.lang.String,java.lang.String,java.lang.String,java.lang.String,java.lang.String,java.lang.String,java.lang.String,java.lang.String,java.lang.String)[pri:0, instance:com.snow.TestCases.IncidentTests@384ad17b] output={null}]]]>
              </value>
            </param>
          </params>
          <reporter-output>
          </reporter-output>
        </test-method> <!-- tearDown -->
        <test-method is-config="true" signature="setup(java.lang.String)[pri:0, instance:com.snow.TestCases.IncidentTests@384ad17b]" started-at="2025-10-21T16:35:45 IST" name="setup" finished-at="2025-10-21T16:35:51 IST" duration-ms="6500" status="PASS">
          <params>
            <param index="0">
              <value>
                <![CDATA[Chrome]]>
              </value>
            </param>
          </params>
          <reporter-output>
          </reporter-output>
        </test-method> <!-- setup -->
        <test-method signature="verifyIncidentProcess(java.lang.String,java.lang.String,java.lang.String,java.lang.String,java.lang.String,java.lang.String,java.lang.String,java.lang.String,java.lang.String)[pri:0, instance:com.snow.TestCases.IncidentTests@384ad17b]" started-at="2025-10-21T16:35:51 IST" name="verifyIncidentProcess" data-provider="Incident data" finished-at="2025-10-21T16:36:56 IST" duration-ms="64968" status="PASS">
          <params>
            <param index="0">
              <value>
                <![CDATA[3 - Low]]>
              </value>
            </param>
            <param index="1">
              <value>
                <![CDATA[3 - Low]]>
              </value>
            </param>
            <param index="2">
              <value>
                <![CDATA[5 - Planning]]>
              </value>
            </param>
            <param index="3">
              <value>
                <![CDATA[Inquiry / Help]]>
              </value>
            </param>
            <param index="4">
              <value>
                <![CDATA[Internal Application]]>
              </value>
            </param>
            <param index="5">
              <value>
                <![CDATA[Charity Dyckman]]>
              </value>
            </param>
            <param index="6">
              <value>
                <![CDATA[P5 Incident]]>
              </value>
            </param>
            <param index="7">
              <value>
                <![CDATA[Email]]>
              </value>
            </param>
            <param index="8">
              <value>
                <![CDATA[Change Management]]>
              </value>
            </param>
          </params>
          <reporter-output>
          </reporter-output>
        </test-method> <!-- verifyIncidentProcess -->
        <test-method is-config="true" signature="tearDown(org.testng.ITestResult)[pri:0, instance:com.snow.TestCases.IncidentTests@384ad17b]" started-at="2025-10-21T16:36:56 IST" name="tearDown" finished-at="2025-10-21T16:36:57 IST" duration-ms="252" status="PASS">
          <params>
            <param index="0">
              <value>
                <![CDATA[[TestResult name=verifyIncidentProcess status=SUCCESS method=IncidentTests.verifyIncidentProcess(java.lang.String,java.lang.String,java.lang.String,java.lang.String,java.lang.String,java.lang.String,java.lang.String,java.lang.String,java.lang.String)[pri:0, instance:com.snow.TestCases.IncidentTests@384ad17b] output={null}]]]>
              </value>
            </param>
          </params>
          <reporter-output>
          </reporter-output>
        </test-method> <!-- tearDown -->
      </class> <!-- com.snow.TestCases.IncidentTests -->
      <class name="com.snow.TestCases.LoginTests">
        <test-method is-config="true" signature="setup(java.lang.String)[pri:0, instance:com.snow.TestCases.LoginTests@5158b42f]" started-at="2025-10-21T16:36:57 IST" name="setup" finished-at="2025-10-21T16:37:03 IST" duration-ms="6684" status="PASS">
          <params>
            <param index="0">
              <value>
                <![CDATA[Chrome]]>
              </value>
            </param>
          </params>
          <reporter-output>
          </reporter-output>
        </test-method> <!-- setup -->
        <test-method signature="tc_001_verifyLoginfunctionality(java.lang.String,java.lang.String)[pri:0, instance:com.snow.TestCases.LoginTests@5158b42f]" started-at="2025-10-21T16:37:03 IST" name="tc_001_verifyLoginfunctionality" data-provider="loginData" finished-at="2025-10-21T16:37:09 IST" duration-ms="5205" status="PASS">
          <params>
            <param index="0">
              <value>
                <![CDATA[admin]]>
              </value>
            </param>
            <param index="1">
              <value>
                <![CDATA[ywTcJ@bI6A+1]]>
              </value>
            </param>
          </params>
          <reporter-output>
          </reporter-output>
        </test-method> <!-- tc_001_verifyLoginfunctionality -->
        <test-method is-config="true" signature="tearDown(org.testng.ITestResult)[pri:0, instance:com.snow.TestCases.LoginTests@5158b42f]" started-at="2025-10-21T16:37:09 IST" name="tearDown" finished-at="2025-10-21T16:37:09 IST" duration-ms="334" status="PASS">
          <params>
            <param index="0">
              <value>
                <![CDATA[[TestResult name=tc_001_verifyLoginfunctionality status=SUCCESS method=LoginTests.tc_001_verifyLoginfunctionality(java.lang.String,java.lang.String)[pri:0, instance:com.snow.TestCases.LoginTests@5158b42f] output={null}]]]>
              </value>
            </param>
          </params>
          <reporter-output>
          </reporter-output>
        </test-method> <!-- tearDown -->
        <test-method is-config="true" signature="setup(java.lang.String)[pri:0, instance:com.snow.TestCases.LoginTests@5158b42f]" started-at="2025-10-21T16:37:09 IST" name="setup" finished-at="2025-10-21T16:37:17 IST" duration-ms="8512" status="PASS">
          <params>
            <param index="0">
              <value>
                <![CDATA[Chrome]]>
              </value>
            </param>
          </params>
          <reporter-output>
          </reporter-output>
        </test-method> <!-- setup -->
        <test-method signature="tc_001_verifyLoginfunctionality(java.lang.String,java.lang.String)[pri:0, instance:com.snow.TestCases.LoginTests@5158b42f]" started-at="2025-10-21T16:37:17 IST" name="tc_001_verifyLoginfunctionality" data-provider="loginData" finished-at="2025-10-21T16:37:21 IST" duration-ms="3398" status="PASS">
          <params>
            <param index="0">
              <value>
                <![CDATA[admin]]>
              </value>
            </param>
            <param index="1">
              <value>
                <![CDATA[ywTcJ@bI6A+2]]>
              </value>
            </param>
          </params>
          <reporter-output>
          </reporter-output>
        </test-method> <!-- tc_001_verifyLoginfunctionality -->
        <test-method is-config="true" signature="tearDown(org.testng.ITestResult)[pri:0, instance:com.snow.TestCases.LoginTests@5158b42f]" started-at="2025-10-21T16:37:21 IST" name="tearDown" finished-at="2025-10-21T16:37:21 IST" duration-ms="282" status="PASS">
          <params>
            <param index="0">
              <value>
                <![CDATA[[TestResult name=tc_001_verifyLoginfunctionality status=SUCCESS method=LoginTests.tc_001_verifyLoginfunctionality(java.lang.String,java.lang.String)[pri:0, instance:com.snow.TestCases.LoginTests@5158b42f] output={null}]]]>
              </value>
            </param>
          </params>
          <reporter-output>
          </reporter-output>
        </test-method> <!-- tearDown -->
        <test-method is-config="true" signature="setup(java.lang.String)[pri:0, instance:com.snow.TestCases.LoginTests@5158b42f]" started-at="2025-10-21T16:37:21 IST" name="setup" finished-at="2025-10-21T16:37:28 IST" duration-ms="7008" status="PASS">
          <params>
            <param index="0">
              <value>
                <![CDATA[Chrome]]>
              </value>
            </param>
          </params>
          <reporter-output>
          </reporter-output>
        </test-method> <!-- setup -->
        <test-method signature="tc_001_verifyLoginfunctionality(java.lang.String,java.lang.String)[pri:0, instance:com.snow.TestCases.LoginTests@5158b42f]" started-at="2025-10-21T16:37:28 IST" name="tc_001_verifyLoginfunctionality" data-provider="loginData" finished-at="2025-10-21T16:37:31 IST" duration-ms="3095" status="PASS">
          <params>
            <param index="0">
              <value>
                <![CDATA[admin2]]>
              </value>
            </param>
            <param index="1">
              <value>
                <![CDATA[ywTcJ@bI6A+1]]>
              </value>
            </param>
          </params>
          <reporter-output>
          </reporter-output>
        </test-method> <!-- tc_001_verifyLoginfunctionality -->
        <test-method is-config="true" signature="tearDown(org.testng.ITestResult)[pri:0, instance:com.snow.TestCases.LoginTests@5158b42f]" started-at="2025-10-21T16:37:31 IST" name="tearDown" finished-at="2025-10-21T16:37:32 IST" duration-ms="275" status="PASS">
          <params>
            <param index="0">
              <value>
                <![CDATA[[TestResult name=tc_001_verifyLoginfunctionality status=SUCCESS method=LoginTests.tc_001_verifyLoginfunctionality(java.lang.String,java.lang.String)[pri:0, instance:com.snow.TestCases.LoginTests@5158b42f] output={null}]]]>
              </value>
            </param>
          </params>
          <reporter-output>
          </reporter-output>
        </test-method> <!-- tearDown -->
      </class> <!-- com.snow.TestCases.LoginTests -->
    </test> <!-- SnowTestChrome -->
    <test started-at="2025-10-21T16:37:32 IST" name="SnowTestEdge" finished-at="2025-10-21T16:40:00 IST" duration-ms="148646">
      <class name="com.snow.TestCases.IncidentTests">
        <test-method is-config="true" signature="setup(java.lang.String)[pri:0, instance:com.snow.TestCases.IncidentTests@689604d9]" started-at="2025-10-21T16:37:32 IST" name="setup" finished-at="2025-10-21T16:37:39 IST" duration-ms="7264" status="PASS">
          <params>
            <param index="0">
              <value>
                <![CDATA[Edge]]>
              </value>
            </param>
          </params>
          <reporter-output>
          </reporter-output>
        </test-method> <!-- setup -->
        <test-method signature="verifyIncidentProcess(java.lang.String,java.lang.String,java.lang.String,java.lang.String,java.lang.String,java.lang.String,java.lang.String,java.lang.String,java.lang.String)[pri:0, instance:com.snow.TestCases.IncidentTests@689604d9]" started-at="2025-10-21T16:37:39 IST" name="verifyIncidentProcess" data-provider="Incident data" finished-at="2025-10-21T16:38:07 IST" duration-ms="28469" status="PASS">
          <params>
            <param index="0">
              <value>
                <![CDATA[1 - High]]>
              </value>
            </param>
            <param index="1">
              <value>
                <![CDATA[1 - High]]>
              </value>
            </param>
            <param index="2">
              <value>
                <![CDATA[1 - Critical]]>
              </value>
            </param>
            <param index="3">
              <value>
                <![CDATA[Software]]>
              </value>
            </param>
            <param index="4">
              <value>
                <![CDATA[Operating System]]>
              </value>
            </param>
            <param index="5">
              <value>
                <![CDATA[Abel Tuter]]>
              </value>
            </param>
            <param index="6">
              <value>
                <![CDATA[P1 Incident]]>
              </value>
            </param>
            <param index="7">
              <value>
                <![CDATA[Phone]]>
              </value>
            </param>
            <param index="8">
              <value>
                <![CDATA[App Engine Admins]]>
              </value>
            </param>
          </params>
          <reporter-output>
          </reporter-output>
        </test-method> <!-- verifyIncidentProcess -->
        <test-method is-config="true" signature="tearDown(org.testng.ITestResult)[pri:0, instance:com.snow.TestCases.IncidentTests@689604d9]" started-at="2025-10-21T16:38:07 IST" name="tearDown" finished-at="2025-10-21T16:38:08 IST" duration-ms="286" status="PASS">
          <params>
            <param index="0">
              <value>
                <![CDATA[[TestResult name=verifyIncidentProcess status=SUCCESS method=IncidentTests.verifyIncidentProcess(java.lang.String,java.lang.String,java.lang.String,java.lang.String,java.lang.String,java.lang.String,java.lang.String,java.lang.String,java.lang.String)[pri:0, instance:com.snow.TestCases.IncidentTests@689604d9] output={null}]]]>
              </value>
            </param>
          </params>
          <reporter-output>
          </reporter-output>
        </test-method> <!-- tearDown -->
        <test-method is-config="true" signature="setup(java.lang.String)[pri:0, instance:com.snow.TestCases.IncidentTests@689604d9]" started-at="2025-10-21T16:38:08 IST" name="setup" finished-at="2025-10-21T16:38:15 IST" duration-ms="7331" status="PASS">
          <params>
            <param index="0">
              <value>
                <![CDATA[Edge]]>
              </value>
            </param>
          </params>
          <reporter-output>
          </reporter-output>
        </test-method> <!-- setup -->
        <test-method signature="verifyIncidentProcess(java.lang.String,java.lang.String,java.lang.String,java.lang.String,java.lang.String,java.lang.String,java.lang.String,java.lang.String,java.lang.String)[pri:0, instance:com.snow.TestCases.IncidentTests@689604d9]" started-at="2025-10-21T16:38:15 IST" name="verifyIncidentProcess" data-provider="Incident data" finished-at="2025-10-21T16:38:46 IST" duration-ms="30587" status="PASS">
          <params>
            <param index="0">
              <value>
                <![CDATA[2 - Medium]]>
              </value>
            </param>
            <param index="1">
              <value>
                <![CDATA[2 - Medium]]>
              </value>
            </param>
            <param index="2">
              <value>
                <![CDATA[3 - Moderate]]>
              </value>
            </param>
            <param index="3">
              <value>
                <![CDATA[Hardware]]>
              </value>
            </param>
            <param index="4">
              <value>
                <![CDATA[Keyboard]]>
              </value>
            </param>
            <param index="5">
              <value>
                <![CDATA[Beverley Bunche]]>
              </value>
            </param>
            <param index="6">
              <value>
                <![CDATA[P3 Incident]]>
              </value>
            </param>
            <param index="7">
              <value>
                <![CDATA[Self-service]]>
              </value>
            </param>
            <param index="8">
              <value>
                <![CDATA[Business Application Registration Approval Group]]>
              </value>
            </param>
          </params>
          <reporter-output>
          </reporter-output>
        </test-method> <!-- verifyIncidentProcess -->
        <test-method is-config="true" signature="tearDown(org.testng.ITestResult)[pri:0, instance:com.snow.TestCases.IncidentTests@689604d9]" started-at="2025-10-21T16:38:46 IST" name="tearDown" finished-at="2025-10-21T16:38:46 IST" duration-ms="270" status="PASS">
          <params>
            <param index="0">
              <value>
                <![CDATA[[TestResult name=verifyIncidentProcess status=SUCCESS method=IncidentTests.verifyIncidentProcess(java.lang.String,java.lang.String,java.lang.String,java.lang.String,java.lang.String,java.lang.String,java.lang.String,java.lang.String,java.lang.String)[pri:0, instance:com.snow.TestCases.IncidentTests@689604d9] output={null}]]]>
              </value>
            </param>
          </params>
          <reporter-output>
          </reporter-output>
        </test-method> <!-- tearDown -->
        <test-method is-config="true" signature="setup(java.lang.String)[pri:0, instance:com.snow.TestCases.IncidentTests@689604d9]" started-at="2025-10-21T16:38:46 IST" name="setup" finished-at="2025-10-21T16:38:52 IST" duration-ms="6251" status="PASS">
          <params>
            <param index="0">
              <value>
                <![CDATA[Edge]]>
              </value>
            </param>
          </params>
          <reporter-output>
          </reporter-output>
        </test-method> <!-- setup -->
        <test-method signature="verifyIncidentProcess(java.lang.String,java.lang.String,java.lang.String,java.lang.String,java.lang.String,java.lang.String,java.lang.String,java.lang.String,java.lang.String)[pri:0, instance:com.snow.TestCases.IncidentTests@689604d9]" started-at="2025-10-21T16:38:52 IST" name="verifyIncidentProcess" data-provider="Incident data" finished-at="2025-10-21T16:39:20 IST" duration-ms="27501" status="PASS">
          <params>
            <param index="0">
              <value>
                <![CDATA[3 - Low]]>
              </value>
            </param>
            <param index="1">
              <value>
                <![CDATA[3 - Low]]>
              </value>
            </param>
            <param index="2">
              <value>
                <![CDATA[5 - Planning]]>
              </value>
            </param>
            <param index="3">
              <value>
                <![CDATA[Inquiry / Help]]>
              </value>
            </param>
            <param index="4">
              <value>
                <![CDATA[Internal Application]]>
              </value>
            </param>
            <param index="5">
              <value>
                <![CDATA[Charity Dyckman]]>
              </value>
            </param>
            <param index="6">
              <value>
                <![CDATA[P5 Incident]]>
              </value>
            </param>
            <param index="7">
              <value>
                <![CDATA[Email]]>
              </value>
            </param>
            <param index="8">
              <value>
                <![CDATA[Change Management]]>
              </value>
            </param>
          </params>
          <reporter-output>
          </reporter-output>
        </test-method> <!-- verifyIncidentProcess -->
        <test-method is-config="true" signature="tearDown(org.testng.ITestResult)[pri:0, instance:com.snow.TestCases.IncidentTests@689604d9]" started-at="2025-10-21T16:39:20 IST" name="tearDown" finished-at="2025-10-21T16:39:20 IST" duration-ms="491" status="PASS">
          <params>
            <param index="0">
              <value>
                <![CDATA[[TestResult name=verifyIncidentProcess status=SUCCESS method=IncidentTests.verifyIncidentProcess(java.lang.String,java.lang.String,java.lang.String,java.lang.String,java.lang.String,java.lang.String,java.lang.String,java.lang.String,java.lang.String)[pri:0, instance:com.snow.TestCases.IncidentTests@689604d9] output={null}]]]>
              </value>
            </param>
          </params>
          <reporter-output>
          </reporter-output>
        </test-method> <!-- tearDown -->
      </class> <!-- com.snow.TestCases.IncidentTests -->
      <class name="com.snow.TestCases.LoginTests">
        <test-method is-config="true" signature="setup(java.lang.String)[pri:0, instance:com.snow.TestCases.LoginTests@18078bef]" started-at="2025-10-21T16:39:20 IST" name="setup" finished-at="2025-10-21T16:39:22 IST" duration-ms="1958" status="PASS">
          <params>
            <param index="0">
              <value>
                <![CDATA[Edge]]>
              </value>
            </param>
          </params>
          <reporter-output>
          </reporter-output>
        </test-method> <!-- setup -->
        <test-method signature="tc_001_verifyLoginfunctionality(java.lang.String,java.lang.String)[pri:0, instance:com.snow.TestCases.LoginTests@18078bef]" started-at="2025-10-21T16:39:22 IST" name="tc_001_verifyLoginfunctionality" data-provider="loginData" finished-at="2025-10-21T16:39:33 IST" duration-ms="10695" status="PASS">
          <params>
            <param index="0">
              <value>
                <![CDATA[admin]]>
              </value>
            </param>
            <param index="1">
              <value>
                <![CDATA[ywTcJ@bI6A+1]]>
              </value>
            </param>
          </params>
          <reporter-output>
          </reporter-output>
        </test-method> <!-- tc_001_verifyLoginfunctionality -->
        <test-method is-config="true" signature="tearDown(org.testng.ITestResult)[pri:0, instance:com.snow.TestCases.LoginTests@18078bef]" started-at="2025-10-21T16:39:33 IST" name="tearDown" finished-at="2025-10-21T16:39:33 IST" duration-ms="307" status="PASS">
          <params>
            <param index="0">
              <value>
                <![CDATA[[TestResult name=tc_001_verifyLoginfunctionality status=SUCCESS method=LoginTests.tc_001_verifyLoginfunctionality(java.lang.String,java.lang.String)[pri:0, instance:com.snow.TestCases.LoginTests@18078bef] output={null}]]]>
              </value>
            </param>
          </params>
          <reporter-output>
          </reporter-output>
        </test-method> <!-- tearDown -->
        <test-method is-config="true" signature="setup(java.lang.String)[pri:0, instance:com.snow.TestCases.LoginTests@18078bef]" started-at="2025-10-21T16:39:33 IST" name="setup" finished-at="2025-10-21T16:39:43 IST" duration-ms="10255" status="PASS">
          <params>
            <param index="0">
              <value>
                <![CDATA[Edge]]>
              </value>
            </param>
          </params>
          <reporter-output>
          </reporter-output>
        </test-method> <!-- setup -->
        <test-method signature="tc_001_verifyLoginfunctionality(java.lang.String,java.lang.String)[pri:0, instance:com.snow.TestCases.LoginTests@18078bef]" started-at="2025-10-21T16:39:43 IST" name="tc_001_verifyLoginfunctionality" data-provider="loginData" finished-at="2025-10-21T16:39:46 IST" duration-ms="2274" status="PASS">
          <params>
            <param index="0">
              <value>
                <![CDATA[admin]]>
              </value>
            </param>
            <param index="1">
              <value>
                <![CDATA[ywTcJ@bI6A+2]]>
              </value>
            </param>
          </params>
          <reporter-output>
          </reporter-output>
        </test-method> <!-- tc_001_verifyLoginfunctionality -->
        <test-method is-config="true" signature="tearDown(org.testng.ITestResult)[pri:0, instance:com.snow.TestCases.LoginTests@18078bef]" started-at="2025-10-21T16:39:46 IST" name="tearDown" finished-at="2025-10-21T16:39:46 IST" duration-ms="629" status="PASS">
          <params>
            <param index="0">
              <value>
                <![CDATA[[TestResult name=tc_001_verifyLoginfunctionality status=SUCCESS method=LoginTests.tc_001_verifyLoginfunctionality(java.lang.String,java.lang.String)[pri:0, instance:com.snow.TestCases.LoginTests@18078bef] output={null}]]]>
              </value>
            </param>
          </params>
          <reporter-output>
          </reporter-output>
        </test-method> <!-- tearDown -->
        <test-method is-config="true" signature="setup(java.lang.String)[pri:0, instance:com.snow.TestCases.LoginTests@18078bef]" started-at="2025-10-21T16:39:46 IST" name="setup" finished-at="2025-10-21T16:39:57 IST" duration-ms="10611" status="PASS">
          <params>
            <param index="0">
              <value>
                <![CDATA[Edge]]>
              </value>
            </param>
          </params>
          <reporter-output>
          </reporter-output>
        </test-method> <!-- setup -->
        <test-method signature="tc_001_verifyLoginfunctionality(java.lang.String,java.lang.String)[pri:0, instance:com.snow.TestCases.LoginTests@18078bef]" started-at="2025-10-21T16:39:57 IST" name="tc_001_verifyLoginfunctionality" data-provider="loginData" finished-at="2025-10-21T16:40:00 IST" duration-ms="3008" status="PASS">
          <params>
            <param index="0">
              <value>
                <![CDATA[admin2]]>
              </value>
            </param>
            <param index="1">
              <value>
                <![CDATA[ywTcJ@bI6A+1]]>
              </value>
            </param>
          </params>
          <reporter-output>
          </reporter-output>
        </test-method> <!-- tc_001_verifyLoginfunctionality -->
        <test-method is-config="true" signature="tearDown(org.testng.ITestResult)[pri:0, instance:com.snow.TestCases.LoginTests@18078bef]" started-at="2025-10-21T16:40:00 IST" name="tearDown" finished-at="2025-10-21T16:40:00 IST" duration-ms="344" status="PASS">
          <params>
            <param index="0">
              <value>
                <![CDATA[[TestResult name=tc_001_verifyLoginfunctionality status=SUCCESS method=LoginTests.tc_001_verifyLoginfunctionality(java.lang.String,java.lang.String)[pri:0, instance:com.snow.TestCases.LoginTests@18078bef] output={null}]]]>
              </value>
            </param>
          </params>
          <reporter-output>
          </reporter-output>
        </test-method> <!-- tearDown -->
      </class> <!-- com.snow.TestCases.LoginTests -->
    </test> <!-- SnowTestEdge -->
  </suite> <!-- SnowSuite -->
</testng-results>
