<?xml version="1.0" encoding="UTF-8"?>
<testng-results ignored="0" total="12" passed="11" failed="1" skipped="0">
  <reporter-output>
  </reporter-output>
  <suite started-at="2025-10-25T18:35:17 IST" name="SnowSuite" finished-at="2025-10-25T18:43:35 IST" duration-ms="497968">
    <groups>
    </groups>
    <test started-at="2025-10-25T18:35:17 IST" name="SnowTestChrome" finished-at="2025-10-25T18:39:43 IST" duration-ms="266052">
      <class name="com.snow.TestCases.IncidentTests">
        <test-method is-config="true" signature="setup(java.lang.String)[pri:0, instance:com.snow.TestCases.IncidentTests@384ad17b]" started-at="2025-10-25T18:35:18 IST" name="setup" finished-at="2025-10-25T18:35:26 IST" duration-ms="8037" status="PASS">
          <params>
            <param index="0">
              <value>
                <![CDATA[Chrome]]>
              </value>
            </param>
          </params>
          <reporter-output>
          </reporter-output>
        </test-method> <!-- setup -->
        <test-method signature="verifyIncidentProcess(java.lang.String,java.lang.String,java.lang.String,java.lang.String,java.lang.String,java.lang.String,java.lang.String,java.lang.String,java.lang.String)[pri:0, instance:com.snow.TestCases.IncidentTests@384ad17b]" started-at="2025-10-25T18:35:26 IST" name="verifyIncidentProcess" data-provider="Incident data" finished-at="2025-10-25T18:36:07 IST" duration-ms="40798" status="PASS">
          <params>
            <param index="0">
              <value>
                <![CDATA[1 - High]]>
              </value>
            </param>
            <param index="1">
              <value>
                <![CDATA[1 - High]]>
              </value>
            </param>
            <param index="2">
              <value>
                <![CDATA[1 - Critical]]>
              </value>
            </param>
            <param index="3">
              <value>
                <![CDATA[Software]]>
              </value>
            </param>
            <param index="4">
              <value>
                <![CDATA[Operating System]]>
              </value>
            </param>
            <param index="5">
              <value>
                <![CDATA[Abel Tuter]]>
              </value>
            </param>
            <param index="6">
              <value>
                <![CDATA[P1 Incident]]>
              </value>
            </param>
            <param index="7">
              <value>
                <![CDATA[Phone]]>
              </value>
            </param>
            <param index="8">
              <value>
                <![CDATA[App Engine Admins]]>
              </value>
            </param>
          </params>
          <reporter-output>
          </reporter-output>
        </test-method> <!-- verifyIncidentProcess -->
        <test-method is-config="true" signature="tearDown(org.testng.ITestResult)[pri:0, instance:com.snow.TestCases.IncidentTests@384ad17b]" started-at="2025-10-25T18:36:07 IST" name="tearDown" finished-at="2025-10-25T18:36:07 IST" duration-ms="414" status="PASS">
          <params>
            <param index="0">
              <value>
                <![CDATA[[TestResult name=verifyIncidentProcess status=SUCCESS method=IncidentTests.verifyIncidentProcess(java.lang.String,java.lang.String,java.lang.String,java.lang.String,java.lang.String,java.lang.String,java.lang.String,java.lang.String,java.lang.String)[pri:0, instance:com.snow.TestCases.IncidentTests@384ad17b] output={null}]]]>
              </value>
            </param>
          </params>
          <reporter-output>
          </reporter-output>
        </test-method> <!-- tearDown -->
        <test-method is-config="true" signature="setup(java.lang.String)[pri:0, instance:com.snow.TestCases.IncidentTests@384ad17b]" started-at="2025-10-25T18:36:07 IST" name="setup" finished-at="2025-10-25T18:36:15 IST" duration-ms="7814" status="PASS">
          <params>
            <param index="0">
              <value>
                <![CDATA[Chrome]]>
              </value>
            </param>
          </params>
          <reporter-output>
          </reporter-output>
        </test-method> <!-- setup -->
        <test-method signature="verifyIncidentProcess(java.lang.String,java.lang.String,java.lang.String,java.lang.String,java.lang.String,java.lang.String,java.lang.String,java.lang.String,java.lang.String)[pri:0, instance:com.snow.TestCases.IncidentTests@384ad17b]" started-at="2025-10-25T18:36:15 IST" name="verifyIncidentProcess" data-provider="Incident data" finished-at="2025-10-25T18:37:53 IST" duration-ms="97208" status="FAIL">
          <params>
            <param index="0">
              <value>
                <![CDATA[2 - Medium]]>
              </value>
            </param>
            <param index="1">
              <value>
                <![CDATA[2 - Medium]]>
              </value>
            </param>
            <param index="2">
              <value>
                <![CDATA[3 - Moderate]]>
              </value>
            </param>
            <param index="3">
              <value>
                <![CDATA[Hardware]]>
              </value>
            </param>
            <param index="4">
              <value>
                <![CDATA[Keyboard]]>
              </value>
            </param>
            <param index="5">
              <value>
                <![CDATA[Beverley Bunche]]>
              </value>
            </param>
            <param index="6">
              <value>
                <![CDATA[P3 Incident]]>
              </value>
            </param>
            <param index="7">
              <value>
                <![CDATA[Self-service]]>
              </value>
            </param>
            <param index="8">
              <value>
                <![CDATA[Business Application Registration Approval Group]]>
              </value>
            </param>
          </params>
          <exception class="org.openqa.selenium.TimeoutException">
            <message>
              <![CDATA[timeout: Timed out receiving message from renderer: 60.000
  (Session info: chrome=141.0.7390.108)
Build info: version: '4.35.0', revision: '1c58e5028b'
System info: os.name: 'Windows 11', os.arch: 'amd64', os.version: '10.0', java.version: '21.0.6'
Driver info: org.openqa.selenium.chrome.ChromeDriver
Command: [81e8e230b9c3ee85754891936799a2f1, clickElement {id=f.12EDAE92BB2D213E41F6F1F33D5B591B.d.1FCF53CF3F6E5E883B6748C8E2A9FD7C.e.204}]
Capabilities {acceptInsecureCerts: false, browserName: chrome, browserVersion: 141.0.7390.108, chrome: {chromedriverVersion: 141.0.7390.122 (b477534e7e1..., userDataDir: C:\Users\aparg\AppData\Loca...}, fedcm:accounts: true, goog:chromeOptions: {debuggerAddress: localhost:14462}, networkConnectionEnabled: false, pageLoadStrategy: normal, platformName: windows, proxy: Proxy(), se:cdp: ws://localhost:14462/devtoo..., se:cdpVersion: 141.0.7390.108, setWindowRect: true, strictFileInteractability: false, timeouts: {implicit: 0, pageLoad: 300000, script: 30000}, unhandledPromptBehavior: dismiss and notify, webauthn:extension:credBlob: true, webauthn:extension:largeBlob: true, webauthn:extension:minPinLength: true, webauthn:extension:prf: true, webauthn:virtualAuthenticators: true}
Element: [[ChromeDriver: chrome on windows (81e8e230b9c3ee85754891936799a2f1)] -> xpath: //button[@data-action-label='New']]
Session ID: 81e8e230b9c3ee85754891936799a2f1]]>
            </message>
            <full-stacktrace>
              <![CDATA[org.openqa.selenium.TimeoutException: timeout: Timed out receiving message from renderer: 60.000
  (Session info: chrome=141.0.7390.108)
Build info: version: '4.35.0', revision: '1c58e5028b'
System info: os.name: 'Windows 11', os.arch: 'amd64', os.version: '10.0', java.version: '21.0.6'
Driver info: org.openqa.selenium.chrome.ChromeDriver
Command: [81e8e230b9c3ee85754891936799a2f1, clickElement {id=f.12EDAE92BB2D213E41F6F1F33D5B591B.d.1FCF53CF3F6E5E883B6748C8E2A9FD7C.e.204}]
Capabilities {acceptInsecureCerts: false, browserName: chrome, browserVersion: 141.0.7390.108, chrome: {chromedriverVersion: 141.0.7390.122 (b477534e7e1..., userDataDir: C:\Users\aparg\AppData\Loca...}, fedcm:accounts: true, goog:chromeOptions: {debuggerAddress: localhost:14462}, networkConnectionEnabled: false, pageLoadStrategy: normal, platformName: windows, proxy: Proxy(), se:cdp: ws://localhost:14462/devtoo..., se:cdpVersion: 141.0.7390.108, setWindowRect: true, strictFileInteractability: false, timeouts: {implicit: 0, pageLoad: 300000, script: 30000}, unhandledPromptBehavior: dismiss and notify, webauthn:extension:credBlob: true, webauthn:extension:largeBlob: true, webauthn:extension:minPinLength: true, webauthn:extension:prf: true, webauthn:virtualAuthenticators: true}
Element: [[ChromeDriver: chrome on windows (81e8e230b9c3ee85754891936799a2f1)] -> xpath: //button[@data-action-label='New']]
Session ID: 81e8e230b9c3ee85754891936799a2f1
at java.base/jdk.internal.reflect.DirectConstructorHandleAccessor.newInstance(DirectConstructorHandleAccessor.java:62)
at java.base/java.lang.reflect.Constructor.newInstanceWithCaller(Constructor.java:502)
at java.base/java.lang.reflect.Constructor.newInstance(Constructor.java:486)
at org.openqa.selenium.remote.ErrorCodec.decode(ErrorCodec.java:167)
at org.openqa.selenium.remote.codec.w3c.W3CHttpResponseCodec.decode(W3CHttpResponseCodec.java:138)
at org.openqa.selenium.remote.codec.w3c.W3CHttpResponseCodec.decode(W3CHttpResponseCodec.java:50)
at org.openqa.selenium.remote.HttpCommandExecutor.execute(HttpCommandExecutor.java:215)
at org.openqa.selenium.remote.service.DriverCommandExecutor.invokeExecute(DriverCommandExecutor.java:216)
at org.openqa.selenium.remote.service.DriverCommandExecutor.execute(DriverCommandExecutor.java:174)
at org.openqa.selenium.remote.RemoteWebDriver.execute(RemoteWebDriver.java:557)
at org.openqa.selenium.remote.RemoteWebElement.execute(RemoteWebElement.java:223)
at org.openqa.selenium.remote.RemoteWebElement.click(RemoteWebElement.java:76)
at com.snow.utilities.PageActions.clickElement(PageActions.java:32)
at com.snow.pages.Incident.clickNewButton(Incident.java:51)
at com.snow.TestCases.IncidentTests.verifyIncidentProcess(IncidentTests.java:16)
at java.base/jdk.internal.reflect.DirectMethodHandleAccessor.invoke(DirectMethodHandleAccessor.java:103)
at java.base/java.lang.reflect.Method.invoke(Method.java:580)
at org.testng.internal.invokers.MethodInvocationHelper.invokeMethod(MethodInvocationHelper.java:141)
at org.testng.internal.invokers.TestInvoker.invokeMethod(TestInvoker.java:686)
at org.testng.internal.invokers.TestInvoker.invokeTestMethod(TestInvoker.java:230)
at org.testng.internal.invokers.MethodRunner.runInSequence(MethodRunner.java:63)
at org.testng.internal.invokers.TestInvoker$MethodInvocationAgent.invoke(TestInvoker.java:992)
at org.testng.internal.invokers.TestInvoker.invokeTestMethods(TestInvoker.java:203)
at org.testng.internal.invokers.TestMethodWorker.invokeTestMethods(TestMethodWorker.java:154)
at org.testng.internal.invokers.TestMethodWorker.run(TestMethodWorker.java:134)
at java.base/java.util.ArrayList.forEach(ArrayList.java:1596)
at org.testng.TestRunner.privateRun(TestRunner.java:739)
at org.testng.TestRunner.run(TestRunner.java:614)
at org.testng.SuiteRunner.runTest(SuiteRunner.java:421)
at org.testng.SuiteRunner.runSequentially(SuiteRunner.java:413)
at org.testng.SuiteRunner.privateRun(SuiteRunner.java:373)
at org.testng.SuiteRunner.run(SuiteRunner.java:312)
at org.testng.SuiteRunnerWorker.runSuite(SuiteRunnerWorker.java:52)
at org.testng.SuiteRunnerWorker.run(SuiteRunnerWorker.java:95)
at org.testng.TestNG.runSuitesSequentially(TestNG.java:1274)
at org.testng.TestNG.runSuitesLocally(TestNG.java:1208)
at org.testng.TestNG.runSuites(TestNG.java:1112)
at org.testng.TestNG.run(TestNG.java:1079)
at org.apache.maven.surefire.testng.TestNGExecutor.run(TestNGExecutor.java:308)
at org.apache.maven.surefire.testng.TestNGXmlTestSuite.execute(TestNGXmlTestSuite.java:71)
at org.apache.maven.surefire.testng.TestNGProvider.invoke(TestNGProvider.java:113)
at org.apache.maven.surefire.booter.ForkedBooter.runSuitesInProcess(ForkedBooter.java:385)
at org.apache.maven.surefire.booter.ForkedBooter.execute(ForkedBooter.java:162)
at org.apache.maven.surefire.booter.ForkedBooter.run(ForkedBooter.java:507)
at org.apache.maven.surefire.booter.ForkedBooter.main(ForkedBooter.java:495)
]]>
            </full-stacktrace>
          </exception> <!-- org.openqa.selenium.TimeoutException -->
          <reporter-output>
          </reporter-output>
        </test-method> <!-- verifyIncidentProcess -->
        <test-method is-config="true" signature="tearDown(org.testng.ITestResult)[pri:0, instance:com.snow.TestCases.IncidentTests@384ad17b]" started-at="2025-10-25T18:37:53 IST" name="tearDown" finished-at="2025-10-25T18:37:53 IST" duration-ms="510" status="PASS">
          <params>
            <param index="0">
              <value>
                <![CDATA[[TestResult name=verifyIncidentProcess status=FAILURE method=IncidentTests.verifyIncidentProcess(java.lang.String,java.lang.String,java.lang.String,java.lang.String,java.lang.String,java.lang.String,java.lang.String,java.lang.String,java.lang.String)[pri:0, instance:com.snow.TestCases.IncidentTests@384ad17b] output={null}]]]>
              </value>
            </param>
          </params>
          <reporter-output>
          </reporter-output>
        </test-method> <!-- tearDown -->
        <test-method is-config="true" signature="setup(java.lang.String)[pri:0, instance:com.snow.TestCases.IncidentTests@384ad17b]" started-at="2025-10-25T18:37:53 IST" name="setup" finished-at="2025-10-25T18:37:59 IST" duration-ms="6298" status="PASS">
          <params>
            <param index="0">
              <value>
                <![CDATA[Chrome]]>
              </value>
            </param>
          </params>
          <reporter-output>
          </reporter-output>
        </test-method> <!-- setup -->
        <test-method signature="verifyIncidentProcess(java.lang.String,java.lang.String,java.lang.String,java.lang.String,java.lang.String,java.lang.String,java.lang.String,java.lang.String,java.lang.String)[pri:0, instance:com.snow.TestCases.IncidentTests@384ad17b]" started-at="2025-10-25T18:37:59 IST" name="verifyIncidentProcess" data-provider="Incident data" finished-at="2025-10-25T18:38:25 IST" duration-ms="25228" status="PASS">
          <params>
            <param index="0">
              <value>
                <![CDATA[3 - Low]]>
              </value>
            </param>
            <param index="1">
              <value>
                <![CDATA[3 - Low]]>
              </value>
            </param>
            <param index="2">
              <value>
                <![CDATA[5 - Planning]]>
              </value>
            </param>
            <param index="3">
              <value>
                <![CDATA[Inquiry / Help]]>
              </value>
            </param>
            <param index="4">
              <value>
                <![CDATA[Internal Application]]>
              </value>
            </param>
            <param index="5">
              <value>
                <![CDATA[Charity Dyckman]]>
              </value>
            </param>
            <param index="6">
              <value>
                <![CDATA[P5 Incident]]>
              </value>
            </param>
            <param index="7">
              <value>
                <![CDATA[Email]]>
              </value>
            </param>
            <param index="8">
              <value>
                <![CDATA[Change Management]]>
              </value>
            </param>
          </params>
          <reporter-output>
          </reporter-output>
        </test-method> <!-- verifyIncidentProcess -->
        <test-method is-config="true" signature="tearDown(org.testng.ITestResult)[pri:0, instance:com.snow.TestCases.IncidentTests@384ad17b]" started-at="2025-10-25T18:38:25 IST" name="tearDown" finished-at="2025-10-25T18:38:25 IST" duration-ms="303" status="PASS">
          <params>
            <param index="0">
              <value>
                <![CDATA[[TestResult name=verifyIncidentProcess status=SUCCESS method=IncidentTests.verifyIncidentProcess(java.lang.String,java.lang.String,java.lang.String,java.lang.String,java.lang.String,java.lang.String,java.lang.String,java.lang.String,java.lang.String)[pri:0, instance:com.snow.TestCases.IncidentTests@384ad17b] output={null}]]]>
              </value>
            </param>
          </params>
          <reporter-output>
          </reporter-output>
        </test-method> <!-- tearDown -->
      </class> <!-- com.snow.TestCases.IncidentTests -->
      <class name="com.snow.TestCases.LoginTests">
        <test-method is-config="true" signature="setup(java.lang.String)[pri:0, instance:com.snow.TestCases.LoginTests@5158b42f]" started-at="2025-10-25T18:38:25 IST" name="setup" finished-at="2025-10-25T18:38:30 IST" duration-ms="5281" status="PASS">
          <params>
            <param index="0">
              <value>
                <![CDATA[Chrome]]>
              </value>
            </param>
          </params>
          <reporter-output>
          </reporter-output>
        </test-method> <!-- setup -->
        <test-method signature="tc_001_verifyLoginfunctionality(java.lang.String,java.lang.String)[pri:0, instance:com.snow.TestCases.LoginTests@5158b42f]" started-at="2025-10-25T18:38:30 IST" name="tc_001_verifyLoginfunctionality" data-provider="loginData" finished-at="2025-10-25T18:38:43 IST" duration-ms="13192" status="PASS">
          <params>
            <param index="0">
              <value>
                <![CDATA[admin]]>
              </value>
            </param>
            <param index="1">
              <value>
                <![CDATA[ywTcJ@bI6A+1]]>
              </value>
            </param>
          </params>
          <reporter-output>
          </reporter-output>
        </test-method> <!-- tc_001_verifyLoginfunctionality -->
        <test-method is-config="true" signature="tearDown(org.testng.ITestResult)[pri:0, instance:com.snow.TestCases.LoginTests@5158b42f]" started-at="2025-10-25T18:38:43 IST" name="tearDown" finished-at="2025-10-25T18:38:45 IST" duration-ms="2081" status="PASS">
          <params>
            <param index="0">
              <value>
                <![CDATA[[TestResult name=tc_001_verifyLoginfunctionality status=SUCCESS method=LoginTests.tc_001_verifyLoginfunctionality(java.lang.String,java.lang.String)[pri:0, instance:com.snow.TestCases.LoginTests@5158b42f] output={null}]]]>
              </value>
            </param>
          </params>
          <reporter-output>
          </reporter-output>
        </test-method> <!-- tearDown -->
        <test-method is-config="true" signature="setup(java.lang.String)[pri:0, instance:com.snow.TestCases.LoginTests@5158b42f]" started-at="2025-10-25T18:38:45 IST" name="setup" finished-at="2025-10-25T18:38:55 IST" duration-ms="9152" status="PASS">
          <params>
            <param index="0">
              <value>
                <![CDATA[Chrome]]>
              </value>
            </param>
          </params>
          <reporter-output>
          </reporter-output>
        </test-method> <!-- setup -->
        <test-method signature="tc_001_verifyLoginfunctionality(java.lang.String,java.lang.String)[pri:0, instance:com.snow.TestCases.LoginTests@5158b42f]" started-at="2025-10-25T18:38:55 IST" name="tc_001_verifyLoginfunctionality" data-provider="loginData" finished-at="2025-10-25T18:39:10 IST" duration-ms="14924" status="PASS">
          <params>
            <param index="0">
              <value>
                <![CDATA[admin]]>
              </value>
            </param>
            <param index="1">
              <value>
                <![CDATA[ywTcJ@bI6A+2]]>
              </value>
            </param>
          </params>
          <reporter-output>
          </reporter-output>
        </test-method> <!-- tc_001_verifyLoginfunctionality -->
        <test-method is-config="true" signature="tearDown(org.testng.ITestResult)[pri:0, instance:com.snow.TestCases.LoginTests@5158b42f]" started-at="2025-10-25T18:39:10 IST" name="tearDown" finished-at="2025-10-25T18:39:12 IST" duration-ms="2325" status="PASS">
          <params>
            <param index="0">
              <value>
                <![CDATA[[TestResult name=tc_001_verifyLoginfunctionality status=SUCCESS method=LoginTests.tc_001_verifyLoginfunctionality(java.lang.String,java.lang.String)[pri:0, instance:com.snow.TestCases.LoginTests@5158b42f] output={null}]]]>
              </value>
            </param>
          </params>
          <reporter-output>
          </reporter-output>
        </test-method> <!-- tearDown -->
        <test-method is-config="true" signature="setup(java.lang.String)[pri:0, instance:com.snow.TestCases.LoginTests@5158b42f]" started-at="2025-10-25T18:39:12 IST" name="setup" finished-at="2025-10-25T18:39:34 IST" duration-ms="22534" status="PASS">
          <params>
            <param index="0">
              <value>
                <![CDATA[Chrome]]>
              </value>
            </param>
          </params>
          <reporter-output>
          </reporter-output>
        </test-method> <!-- setup -->
        <test-method signature="tc_001_verifyLoginfunctionality(java.lang.String,java.lang.String)[pri:0, instance:com.snow.TestCases.LoginTests@5158b42f]" started-at="2025-10-25T18:39:34 IST" name="tc_001_verifyLoginfunctionality" data-provider="loginData" finished-at="2025-10-25T18:39:42 IST" duration-ms="7456" status="PASS">
          <params>
            <param index="0">
              <value>
                <![CDATA[admin2]]>
              </value>
            </param>
            <param index="1">
              <value>
                <![CDATA[ywTcJ@bI6A+1]]>
              </value>
            </param>
          </params>
          <reporter-output>
          </reporter-output>
        </test-method> <!-- tc_001_verifyLoginfunctionality -->
        <test-method is-config="true" signature="tearDown(org.testng.ITestResult)[pri:0, instance:com.snow.TestCases.LoginTests@5158b42f]" started-at="2025-10-25T18:39:42 IST" name="tearDown" finished-at="2025-10-25T18:39:43 IST" duration-ms="1368" status="PASS">
          <params>
            <param index="0">
              <value>
                <![CDATA[[TestResult name=tc_001_verifyLoginfunctionality status=SUCCESS method=LoginTests.tc_001_verifyLoginfunctionality(java.lang.String,java.lang.String)[pri:0, instance:com.snow.TestCases.LoginTests@5158b42f] output={null}]]]>
              </value>
            </param>
          </params>
          <reporter-output>
          </reporter-output>
        </test-method> <!-- tearDown -->
      </class> <!-- com.snow.TestCases.LoginTests -->
    </test> <!-- SnowTestChrome -->
    <test started-at="2025-10-25T18:39:43 IST" name="SnowTestEdge" finished-at="2025-10-25T18:43:35 IST" duration-ms="231789">
      <class name="com.snow.TestCases.IncidentTests">
        <test-method is-config="true" signature="setup(java.lang.String)[pri:0, instance:com.snow.TestCases.IncidentTests@689604d9]" started-at="2025-10-25T18:39:44 IST" name="setup" finished-at="2025-10-25T18:39:55 IST" duration-ms="11146" status="PASS">
          <params>
            <param index="0">
              <value>
                <![CDATA[Edge]]>
              </value>
            </param>
          </params>
          <reporter-output>
          </reporter-output>
        </test-method> <!-- setup -->
        <test-method signature="verifyIncidentProcess(java.lang.String,java.lang.String,java.lang.String,java.lang.String,java.lang.String,java.lang.String,java.lang.String,java.lang.String,java.lang.String)[pri:0, instance:com.snow.TestCases.IncidentTests@689604d9]" started-at="2025-10-25T18:39:55 IST" name="verifyIncidentProcess" data-provider="Incident data" finished-at="2025-10-25T18:40:37 IST" duration-ms="41949" status="PASS">
          <params>
            <param index="0">
              <value>
                <![CDATA[1 - High]]>
              </value>
            </param>
            <param index="1">
              <value>
                <![CDATA[1 - High]]>
              </value>
            </param>
            <param index="2">
              <value>
                <![CDATA[1 - Critical]]>
              </value>
            </param>
            <param index="3">
              <value>
                <![CDATA[Software]]>
              </value>
            </param>
            <param index="4">
              <value>
                <![CDATA[Operating System]]>
              </value>
            </param>
            <param index="5">
              <value>
                <![CDATA[Abel Tuter]]>
              </value>
            </param>
            <param index="6">
              <value>
                <![CDATA[P1 Incident]]>
              </value>
            </param>
            <param index="7">
              <value>
                <![CDATA[Phone]]>
              </value>
            </param>
            <param index="8">
              <value>
                <![CDATA[App Engine Admins]]>
              </value>
            </param>
          </params>
          <reporter-output>
          </reporter-output>
        </test-method> <!-- verifyIncidentProcess -->
        <test-method is-config="true" signature="tearDown(org.testng.ITestResult)[pri:0, instance:com.snow.TestCases.IncidentTests@689604d9]" started-at="2025-10-25T18:40:37 IST" name="tearDown" finished-at="2025-10-25T18:40:37 IST" duration-ms="454" status="PASS">
          <params>
            <param index="0">
              <value>
                <![CDATA[[TestResult name=verifyIncidentProcess status=SUCCESS method=IncidentTests.verifyIncidentProcess(java.lang.String,java.lang.String,java.lang.String,java.lang.String,java.lang.String,java.lang.String,java.lang.String,java.lang.String,java.lang.String)[pri:0, instance:com.snow.TestCases.IncidentTests@689604d9] output={null}]]]>
              </value>
            </param>
          </params>
          <reporter-output>
          </reporter-output>
        </test-method> <!-- tearDown -->
        <test-method is-config="true" signature="setup(java.lang.String)[pri:0, instance:com.snow.TestCases.IncidentTests@689604d9]" started-at="2025-10-25T18:40:37 IST" name="setup" finished-at="2025-10-25T18:40:46 IST" duration-ms="8519" status="PASS">
          <params>
            <param index="0">
              <value>
                <![CDATA[Edge]]>
              </value>
            </param>
          </params>
          <reporter-output>
          </reporter-output>
        </test-method> <!-- setup -->
        <test-method signature="verifyIncidentProcess(java.lang.String,java.lang.String,java.lang.String,java.lang.String,java.lang.String,java.lang.String,java.lang.String,java.lang.String,java.lang.String)[pri:0, instance:com.snow.TestCases.IncidentTests@689604d9]" started-at="2025-10-25T18:40:46 IST" name="verifyIncidentProcess" data-provider="Incident data" finished-at="2025-10-25T18:41:29 IST" duration-ms="42976" status="PASS">
          <params>
            <param index="0">
              <value>
                <![CDATA[2 - Medium]]>
              </value>
            </param>
            <param index="1">
              <value>
                <![CDATA[2 - Medium]]>
              </value>
            </param>
            <param index="2">
              <value>
                <![CDATA[3 - Moderate]]>
              </value>
            </param>
            <param index="3">
              <value>
                <![CDATA[Hardware]]>
              </value>
            </param>
            <param index="4">
              <value>
                <![CDATA[Keyboard]]>
              </value>
            </param>
            <param index="5">
              <value>
                <![CDATA[Beverley Bunche]]>
              </value>
            </param>
            <param index="6">
              <value>
                <![CDATA[P3 Incident]]>
              </value>
            </param>
            <param index="7">
              <value>
                <![CDATA[Self-service]]>
              </value>
            </param>
            <param index="8">
              <value>
                <![CDATA[Business Application Registration Approval Group]]>
              </value>
            </param>
          </params>
          <reporter-output>
          </reporter-output>
        </test-method> <!-- verifyIncidentProcess -->
        <test-method is-config="true" signature="tearDown(org.testng.ITestResult)[pri:0, instance:com.snow.TestCases.IncidentTests@689604d9]" started-at="2025-10-25T18:41:29 IST" name="tearDown" finished-at="2025-10-25T18:41:29 IST" duration-ms="284" status="PASS">
          <params>
            <param index="0">
              <value>
                <![CDATA[[TestResult name=verifyIncidentProcess status=SUCCESS method=IncidentTests.verifyIncidentProcess(java.lang.String,java.lang.String,java.lang.String,java.lang.String,java.lang.String,java.lang.String,java.lang.String,java.lang.String,java.lang.String)[pri:0, instance:com.snow.TestCases.IncidentTests@689604d9] output={null}]]]>
              </value>
            </param>
          </params>
          <reporter-output>
          </reporter-output>
        </test-method> <!-- tearDown -->
        <test-method is-config="true" signature="setup(java.lang.String)[pri:0, instance:com.snow.TestCases.IncidentTests@689604d9]" started-at="2025-10-25T18:41:29 IST" name="setup" finished-at="2025-10-25T18:41:37 IST" duration-ms="7917" status="PASS">
          <params>
            <param index="0">
              <value>
                <![CDATA[Edge]]>
              </value>
            </param>
          </params>
          <reporter-output>
          </reporter-output>
        </test-method> <!-- setup -->
        <test-method signature="verifyIncidentProcess(java.lang.String,java.lang.String,java.lang.String,java.lang.String,java.lang.String,java.lang.String,java.lang.String,java.lang.String,java.lang.String)[pri:0, instance:com.snow.TestCases.IncidentTests@689604d9]" started-at="2025-10-25T18:41:37 IST" name="verifyIncidentProcess" data-provider="Incident data" finished-at="2025-10-25T18:42:29 IST" duration-ms="52104" status="PASS">
          <params>
            <param index="0">
              <value>
                <![CDATA[3 - Low]]>
              </value>
            </param>
            <param index="1">
              <value>
                <![CDATA[3 - Low]]>
              </value>
            </param>
            <param index="2">
              <value>
                <![CDATA[5 - Planning]]>
              </value>
            </param>
            <param index="3">
              <value>
                <![CDATA[Inquiry / Help]]>
              </value>
            </param>
            <param index="4">
              <value>
                <![CDATA[Internal Application]]>
              </value>
            </param>
            <param index="5">
              <value>
                <![CDATA[Charity Dyckman]]>
              </value>
            </param>
            <param index="6">
              <value>
                <![CDATA[P5 Incident]]>
              </value>
            </param>
            <param index="7">
              <value>
                <![CDATA[Email]]>
              </value>
            </param>
            <param index="8">
              <value>
                <![CDATA[Change Management]]>
              </value>
            </param>
          </params>
          <reporter-output>
          </reporter-output>
        </test-method> <!-- verifyIncidentProcess -->
        <test-method is-config="true" signature="tearDown(org.testng.ITestResult)[pri:0, instance:com.snow.TestCases.IncidentTests@689604d9]" started-at="2025-10-25T18:42:29 IST" name="tearDown" finished-at="2025-10-25T18:42:29 IST" duration-ms="364" status="PASS">
          <params>
            <param index="0">
              <value>
                <![CDATA[[TestResult name=verifyIncidentProcess status=SUCCESS method=IncidentTests.verifyIncidentProcess(java.lang.String,java.lang.String,java.lang.String,java.lang.String,java.lang.String,java.lang.String,java.lang.String,java.lang.String,java.lang.String)[pri:0, instance:com.snow.TestCases.IncidentTests@689604d9] output={null}]]]>
              </value>
            </param>
          </params>
          <reporter-output>
          </reporter-output>
        </test-method> <!-- tearDown -->
      </class> <!-- com.snow.TestCases.IncidentTests -->
      <class name="com.snow.TestCases.LoginTests">
        <test-method is-config="true" signature="setup(java.lang.String)[pri:0, instance:com.snow.TestCases.LoginTests@18078bef]" started-at="2025-10-25T18:42:30 IST" name="setup" finished-at="2025-10-25T18:42:37 IST" duration-ms="7656" status="PASS">
          <params>
            <param index="0">
              <value>
                <![CDATA[Edge]]>
              </value>
            </param>
          </params>
          <reporter-output>
          </reporter-output>
        </test-method> <!-- setup -->
        <test-method signature="tc_001_verifyLoginfunctionality(java.lang.String,java.lang.String)[pri:0, instance:com.snow.TestCases.LoginTests@18078bef]" started-at="2025-10-25T18:42:37 IST" name="tc_001_verifyLoginfunctionality" data-provider="loginData" finished-at="2025-10-25T18:42:51 IST" duration-ms="13573" status="PASS">
          <params>
            <param index="0">
              <value>
                <![CDATA[admin]]>
              </value>
            </param>
            <param index="1">
              <value>
                <![CDATA[ywTcJ@bI6A+1]]>
              </value>
            </param>
          </params>
          <reporter-output>
          </reporter-output>
        </test-method> <!-- tc_001_verifyLoginfunctionality -->
        <test-method is-config="true" signature="tearDown(org.testng.ITestResult)[pri:0, instance:com.snow.TestCases.LoginTests@18078bef]" started-at="2025-10-25T18:42:51 IST" name="tearDown" finished-at="2025-10-25T18:42:52 IST" duration-ms="1453" status="PASS">
          <params>
            <param index="0">
              <value>
                <![CDATA[[TestResult name=tc_001_verifyLoginfunctionality status=SUCCESS method=LoginTests.tc_001_verifyLoginfunctionality(java.lang.String,java.lang.String)[pri:0, instance:com.snow.TestCases.LoginTests@18078bef] output={null}]]]>
              </value>
            </param>
          </params>
          <reporter-output>
          </reporter-output>
        </test-method> <!-- tearDown -->
        <test-method is-config="true" signature="setup(java.lang.String)[pri:0, instance:com.snow.TestCases.LoginTests@18078bef]" started-at="2025-10-25T18:42:52 IST" name="setup" finished-at="2025-10-25T18:43:02 IST" duration-ms="9306" status="PASS">
          <params>
            <param index="0">
              <value>
                <![CDATA[Edge]]>
              </value>
            </param>
          </params>
          <reporter-output>
          </reporter-output>
        </test-method> <!-- setup -->
        <test-method signature="tc_001_verifyLoginfunctionality(java.lang.String,java.lang.String)[pri:0, instance:com.snow.TestCases.LoginTests@18078bef]" started-at="2025-10-25T18:43:02 IST" name="tc_001_verifyLoginfunctionality" data-provider="loginData" finished-at="2025-10-25T18:43:11 IST" duration-ms="9315" status="PASS">
          <params>
            <param index="0">
              <value>
                <![CDATA[admin]]>
              </value>
            </param>
            <param index="1">
              <value>
                <![CDATA[ywTcJ@bI6A+2]]>
              </value>
            </param>
          </params>
          <reporter-output>
          </reporter-output>
        </test-method> <!-- tc_001_verifyLoginfunctionality -->
        <test-method is-config="true" signature="tearDown(org.testng.ITestResult)[pri:0, instance:com.snow.TestCases.LoginTests@18078bef]" started-at="2025-10-25T18:43:11 IST" name="tearDown" finished-at="2025-10-25T18:43:14 IST" duration-ms="3364" status="PASS">
          <params>
            <param index="0">
              <value>
                <![CDATA[[TestResult name=tc_001_verifyLoginfunctionality status=SUCCESS method=LoginTests.tc_001_verifyLoginfunctionality(java.lang.String,java.lang.String)[pri:0, instance:com.snow.TestCases.LoginTests@18078bef] output={null}]]]>
              </value>
            </param>
          </params>
          <reporter-output>
          </reporter-output>
        </test-method> <!-- tearDown -->
        <test-method is-config="true" signature="setup(java.lang.String)[pri:0, instance:com.snow.TestCases.LoginTests@18078bef]" started-at="2025-10-25T18:43:14 IST" name="setup" finished-at="2025-10-25T18:43:23 IST" duration-ms="9108" status="PASS">
          <params>
            <param index="0">
              <value>
                <![CDATA[Edge]]>
              </value>
            </param>
          </params>
          <reporter-output>
          </reporter-output>
        </test-method> <!-- setup -->
        <test-method signature="tc_001_verifyLoginfunctionality(java.lang.String,java.lang.String)[pri:0, instance:com.snow.TestCases.LoginTests@18078bef]" started-at="2025-10-25T18:43:23 IST" name="tc_001_verifyLoginfunctionality" data-provider="loginData" finished-at="2025-10-25T18:43:34 IST" duration-ms="10261" status="PASS">
          <params>
            <param index="0">
              <value>
                <![CDATA[admin2]]>
              </value>
            </param>
            <param index="1">
              <value>
                <![CDATA[ywTcJ@bI6A+1]]>
              </value>
            </param>
          </params>
          <reporter-output>
          </reporter-output>
        </test-method> <!-- tc_001_verifyLoginfunctionality -->
        <test-method is-config="true" signature="tearDown(org.testng.ITestResult)[pri:0, instance:com.snow.TestCases.LoginTests@18078bef]" started-at="2025-10-25T18:43:34 IST" name="tearDown" finished-at="2025-10-25T18:43:35 IST" duration-ms="1656" status="PASS">
          <params>
            <param index="0">
              <value>
                <![CDATA[[TestResult name=tc_001_verifyLoginfunctionality status=SUCCESS method=LoginTests.tc_001_verifyLoginfunctionality(java.lang.String,java.lang.String)[pri:0, instance:com.snow.TestCases.LoginTests@18078bef] output={null}]]]>
              </value>
            </param>
          </params>
          <reporter-output>
          </reporter-output>
        </test-method> <!-- tearDown -->
      </class> <!-- com.snow.TestCases.LoginTests -->
    </test> <!-- SnowTestEdge -->
  </suite> <!-- SnowSuite -->
</testng-results>
