<?xml version="1.0" encoding="UTF-8"?>
<!-- Generated by org.testng.reporters.JUnitXMLReporter -->
<testsuite ignored="0" hostname="LAPTOP-MRTAKQBR" failures="0" tests="6" name="SnowTest" time="158.642" errors="0" timestamp="2025-10-12T22:18:28 IST">
  <testcase classname="com.snow.TestCases.IncidentTests" name="verifyIncidentProcess" time="37.132"/>
  <testcase classname="com.snow.TestCases.IncidentTests" name="verifyIncidentProcess" time="28.941"/>
  <testcase classname="com.snow.TestCases.IncidentTests" name="verifyIncidentProcess" time="24.494"/>
  <testcase classname="com.snow.TestCases.LoginTests" name="tc_001_verifyLoginfunctionality" time="3.41"/>
  <testcase classname="com.snow.TestCases.LoginTests" name="tc_001_verifyLoginfunctionality" time="4.055"/>
  <testcase classname="com.snow.TestCases.LoginTests" name="tc_001_verifyLoginfunctionality" time="2.194"/>
</testsuite> <!-- SnowTest -->
