<?xml version="1.0" encoding="UTF-8"?>
<!-- Generated by org.testng.reporters.JUnitXMLReporter -->
<testsuite ignored="0" hostname="LAPTOP-MRTAKQBR" failures="0" tests="6" name="SnowTestEdge" time="146.215" errors="0" timestamp="2025-11-01T23:49:01 IST">
  <testcase classname="com.snow.TestCases.IncidentTests" name="verifyIncidentProcess" time="28.117"/>
  <testcase classname="com.snow.TestCases.IncidentTests" name="verifyIncidentProcess" time="27.265"/>
  <testcase classname="com.snow.TestCases.IncidentTests" name="verifyIncidentProcess" time="25.543"/>
  <testcase classname="com.snow.TestCases.LoginTests" name="tc_001_verifyLoginfunctionality" time="4.564"/>
  <testcase classname="com.snow.TestCases.LoginTests" name="tc_001_verifyLoginfunctionality" time="2.686"/>
  <testcase classname="com.snow.TestCases.LoginTests" name="tc_001_verifyLoginfunctionality" time="2.072"/>
</testsuite> <!-- SnowTestEdge -->
