<?xml version="1.0" encoding="UTF-8"?>
<!-- Generated by org.testng.reporters.JUnitXMLReporter -->
<testsuite ignored="0" hostname="LAPTOP-MRTAKQBR" failures="0" tests="6" name="SnowTestEdge" time="292.324" errors="0" timestamp="2025-10-21T15:40:15 IST">
  <testcase classname="com.snow.TestCases.IncidentTests" name="verifyIncidentProcess" time="24.959"/>
  <testcase classname="com.snow.TestCases.IncidentTests" name="verifyIncidentProcess" time="89.37"/>
  <testcase classname="com.snow.TestCases.IncidentTests" name="verifyIncidentProcess" time="24.847"/>
  <testcase classname="com.snow.TestCases.LoginTests" name="tc_001_verifyLoginfunctionality" time="6.672"/>
  <testcase classname="com.snow.TestCases.LoginTests" name="tc_001_verifyLoginfunctionality" time="2.71"/>
  <testcase classname="com.snow.TestCases.LoginTests" name="tc_001_verifyLoginfunctionality" time="1.828"/>
</testsuite> <!-- SnowTestEdge -->
