<?xml version="1.0" encoding="UTF-8"?>
<!-- Generated by org.testng.reporters.JUnitXMLReporter -->
<testsuite ignored="0" hostname="LAPTOP-MRTAKQBR" failures="0" tests="6" name="SnowTestChrome" time="145.603" errors="0" timestamp="2025-11-01T23:46:35 IST">
  <testcase classname="com.snow.TestCases.IncidentTests" name="verifyIncidentProcess" time="29.152"/>
  <testcase classname="com.snow.TestCases.IncidentTests" name="verifyIncidentProcess" time="27.052"/>
  <testcase classname="com.snow.TestCases.IncidentTests" name="verifyIncidentProcess" time="25.754"/>
  <testcase classname="com.snow.TestCases.LoginTests" name="tc_001_verifyLoginfunctionality" time="3.471"/>
  <testcase classname="com.snow.TestCases.LoginTests" name="tc_001_verifyLoginfunctionality" time="2.251"/>
  <testcase classname="com.snow.TestCases.LoginTests" name="tc_001_verifyLoginfunctionality" time="1.7"/>
</testsuite> <!-- SnowTestChrome -->
