<?xml version="1.0" encoding="UTF-8"?>
<!-- Generated by org.testng.reporters.JUnitXMLReporter -->
<testsuite ignored="0" hostname="LAPTOP-MRTAKQBR" failures="0" tests="6" name="SnowTestChrome" time="234.894" errors="0" timestamp="2025-10-21T15:35:22 IST">
  <testcase classname="com.snow.TestCases.IncidentTests" name="verifyIncidentProcess" time="35.965"/>
  <testcase classname="com.snow.TestCases.IncidentTests" name="verifyIncidentProcess" time="25.148"/>
  <testcase classname="com.snow.TestCases.IncidentTests" name="verifyIncidentProcess" time="27.396"/>
  <testcase classname="com.snow.TestCases.LoginTests" name="tc_001_verifyLoginfunctionality" time="6.367"/>
  <testcase classname="com.snow.TestCases.LoginTests" name="tc_001_verifyLoginfunctionality" time="1.869"/>
  <testcase classname="com.snow.TestCases.LoginTests" name="tc_001_verifyLoginfunctionality" time="1.782"/>
</testsuite> <!-- SnowTestChrome -->
