<?xml version="1.0" encoding="UTF-8"?>
<testng-results ignored="0" total="12" passed="12" failed="0" skipped="0">
  <reporter-output>
  </reporter-output>
  <suite started-at="2025-11-01T23:44:09 IST" name="SnowSuite" finished-at="2025-11-01T23:49:01 IST" duration-ms="291839">
    <groups>
    </groups>
    <test started-at="2025-11-01T23:44:09 IST" name="SnowTestChrome" finished-at="2025-11-01T23:46:35 IST" duration-ms="145603">
      <class name="com.snow.TestCases.IncidentTests">
        <test-method is-config="true" signature="setup(java.lang.String)[pri:0, instance:com.snow.TestCases.IncidentTests@34123d65]" started-at="2025-11-01T23:44:10 IST" name="setup" finished-at="2025-11-01T23:44:18 IST" duration-ms="7799" status="PASS">
          <params>
            <param index="0">
              <value>
                <![CDATA[Chrome]]>
              </value>
            </param>
          </params>
          <reporter-output>
          </reporter-output>
        </test-method> <!-- setup -->
        <test-method signature="verifyIncidentProcess(java.lang.String,java.lang.String,java.lang.String,java.lang.String,java.lang.String,java.lang.String,java.lang.String,java.lang.String,java.lang.String)[pri:0, instance:com.snow.TestCases.IncidentTests@34123d65]" started-at="2025-11-01T23:44:18 IST" name="verifyIncidentProcess" data-provider="Incident data" finished-at="2025-11-01T23:44:47 IST" duration-ms="29152" status="PASS">
          <params>
            <param index="0">
              <value>
                <![CDATA[1 - High]]>
              </value>
            </param>
            <param index="1">
              <value>
                <![CDATA[1 - High]]>
              </value>
            </param>
            <param index="2">
              <value>
                <![CDATA[1 - Critical]]>
              </value>
            </param>
            <param index="3">
              <value>
                <![CDATA[Software]]>
              </value>
            </param>
            <param index="4">
              <value>
                <![CDATA[Operating System]]>
              </value>
            </param>
            <param index="5">
              <value>
                <![CDATA[Abel Tuter]]>
              </value>
            </param>
            <param index="6">
              <value>
                <![CDATA[P1 Incident]]>
              </value>
            </param>
            <param index="7">
              <value>
                <![CDATA[Phone]]>
              </value>
            </param>
            <param index="8">
              <value>
                <![CDATA[App Engine Admins]]>
              </value>
            </param>
          </params>
          <reporter-output>
          </reporter-output>
        </test-method> <!-- verifyIncidentProcess -->
        <test-method is-config="true" signature="tearDown(org.testng.ITestResult)[pri:0, instance:com.snow.TestCases.IncidentTests@34123d65]" started-at="2025-11-01T23:44:47 IST" name="tearDown" finished-at="2025-11-01T23:44:48 IST" duration-ms="454" status="PASS">
          <params>
            <param index="0">
              <value>
                <![CDATA[[TestResult name=verifyIncidentProcess status=SUCCESS method=IncidentTests.verifyIncidentProcess(java.lang.String,java.lang.String,java.lang.String,java.lang.String,java.lang.String,java.lang.String,java.lang.String,java.lang.String,java.lang.String)[pri:0, instance:com.snow.TestCases.IncidentTests@34123d65] output={null}]]]>
              </value>
            </param>
          </params>
          <reporter-output>
          </reporter-output>
        </test-method> <!-- tearDown -->
        <test-method is-config="true" signature="setup(java.lang.String)[pri:0, instance:com.snow.TestCases.IncidentTests@34123d65]" started-at="2025-11-01T23:44:48 IST" name="setup" finished-at="2025-11-01T23:44:54 IST" duration-ms="6946" status="PASS">
          <params>
            <param index="0">
              <value>
                <![CDATA[Chrome]]>
              </value>
            </param>
          </params>
          <reporter-output>
          </reporter-output>
        </test-method> <!-- setup -->
        <test-method signature="verifyIncidentProcess(java.lang.String,java.lang.String,java.lang.String,java.lang.String,java.lang.String,java.lang.String,java.lang.String,java.lang.String,java.lang.String)[pri:0, instance:com.snow.TestCases.IncidentTests@34123d65]" started-at="2025-11-01T23:44:54 IST" name="verifyIncidentProcess" data-provider="Incident data" finished-at="2025-11-01T23:45:22 IST" duration-ms="27052" status="PASS">
          <params>
            <param index="0">
              <value>
                <![CDATA[2 - Medium]]>
              </value>
            </param>
            <param index="1">
              <value>
                <![CDATA[2 - Medium]]>
              </value>
            </param>
            <param index="2">
              <value>
                <![CDATA[3 - Moderate]]>
              </value>
            </param>
            <param index="3">
              <value>
                <![CDATA[Hardware]]>
              </value>
            </param>
            <param index="4">
              <value>
                <![CDATA[Keyboard]]>
              </value>
            </param>
            <param index="5">
              <value>
                <![CDATA[Beverley Bunche]]>
              </value>
            </param>
            <param index="6">
              <value>
                <![CDATA[P3 Incident]]>
              </value>
            </param>
            <param index="7">
              <value>
                <![CDATA[Self-service]]>
              </value>
            </param>
            <param index="8">
              <value>
                <![CDATA[Business Application Registration Approval Group]]>
              </value>
            </param>
          </params>
          <reporter-output>
          </reporter-output>
        </test-method> <!-- verifyIncidentProcess -->
        <test-method is-config="true" signature="tearDown(org.testng.ITestResult)[pri:0, instance:com.snow.TestCases.IncidentTests@34123d65]" started-at="2025-11-01T23:45:22 IST" name="tearDown" finished-at="2025-11-01T23:45:22 IST" duration-ms="343" status="PASS">
          <params>
            <param index="0">
              <value>
                <![CDATA[[TestResult name=verifyIncidentProcess status=SUCCESS method=IncidentTests.verifyIncidentProcess(java.lang.String,java.lang.String,java.lang.String,java.lang.String,java.lang.String,java.lang.String,java.lang.String,java.lang.String,java.lang.String)[pri:0, instance:com.snow.TestCases.IncidentTests@34123d65] output={null}]]]>
              </value>
            </param>
          </params>
          <reporter-output>
          </reporter-output>
        </test-method> <!-- tearDown -->
        <test-method is-config="true" signature="setup(java.lang.String)[pri:0, instance:com.snow.TestCases.IncidentTests@34123d65]" started-at="2025-11-01T23:45:22 IST" name="setup" finished-at="2025-11-01T23:45:29 IST" duration-ms="6879" status="PASS">
          <params>
            <param index="0">
              <value>
                <![CDATA[Chrome]]>
              </value>
            </param>
          </params>
          <reporter-output>
          </reporter-output>
        </test-method> <!-- setup -->
        <test-method signature="verifyIncidentProcess(java.lang.String,java.lang.String,java.lang.String,java.lang.String,java.lang.String,java.lang.String,java.lang.String,java.lang.String,java.lang.String)[pri:0, instance:com.snow.TestCases.IncidentTests@34123d65]" started-at="2025-11-01T23:45:29 IST" name="verifyIncidentProcess" data-provider="Incident data" finished-at="2025-11-01T23:45:54 IST" duration-ms="25754" status="PASS">
          <params>
            <param index="0">
              <value>
                <![CDATA[3 - Low]]>
              </value>
            </param>
            <param index="1">
              <value>
                <![CDATA[3 - Low]]>
              </value>
            </param>
            <param index="2">
              <value>
                <![CDATA[5 - Planning]]>
              </value>
            </param>
            <param index="3">
              <value>
                <![CDATA[Inquiry / Help]]>
              </value>
            </param>
            <param index="4">
              <value>
                <![CDATA[Internal Application]]>
              </value>
            </param>
            <param index="5">
              <value>
                <![CDATA[Charity Dyckman]]>
              </value>
            </param>
            <param index="6">
              <value>
                <![CDATA[P5 Incident]]>
              </value>
            </param>
            <param index="7">
              <value>
                <![CDATA[Email]]>
              </value>
            </param>
            <param index="8">
              <value>
                <![CDATA[Change Management]]>
              </value>
            </param>
          </params>
          <reporter-output>
          </reporter-output>
        </test-method> <!-- verifyIncidentProcess -->
        <test-method is-config="true" signature="tearDown(org.testng.ITestResult)[pri:0, instance:com.snow.TestCases.IncidentTests@34123d65]" started-at="2025-11-01T23:45:54 IST" name="tearDown" finished-at="2025-11-01T23:45:55 IST" duration-ms="395" status="PASS">
          <params>
            <param index="0">
              <value>
                <![CDATA[[TestResult name=verifyIncidentProcess status=SUCCESS method=IncidentTests.verifyIncidentProcess(java.lang.String,java.lang.String,java.lang.String,java.lang.String,java.lang.String,java.lang.String,java.lang.String,java.lang.String,java.lang.String)[pri:0, instance:com.snow.TestCases.IncidentTests@34123d65] output={null}]]]>
              </value>
            </param>
          </params>
          <reporter-output>
          </reporter-output>
        </test-method> <!-- tearDown -->
      </class> <!-- com.snow.TestCases.IncidentTests -->
      <class name="com.snow.TestCases.LoginTests">
        <test-method is-config="true" signature="setup(java.lang.String)[pri:0, instance:com.snow.TestCases.LoginTests@327514f]" started-at="2025-11-01T23:45:55 IST" name="setup" finished-at="2025-11-01T23:46:05 IST" duration-ms="10101" status="PASS">
          <params>
            <param index="0">
              <value>
                <![CDATA[Chrome]]>
              </value>
            </param>
          </params>
          <reporter-output>
          </reporter-output>
        </test-method> <!-- setup -->
        <test-method signature="tc_001_verifyLoginfunctionality(java.lang.String,java.lang.String)[pri:0, instance:com.snow.TestCases.LoginTests@327514f]" started-at="2025-11-01T23:46:05 IST" name="tc_001_verifyLoginfunctionality" data-provider="loginData" finished-at="2025-11-01T23:46:09 IST" duration-ms="3471" status="PASS">
          <params>
            <param index="0">
              <value>
                <![CDATA[admin]]>
              </value>
            </param>
            <param index="1">
              <value>
                <![CDATA[ywTcJ@bI6A+1]]>
              </value>
            </param>
          </params>
          <reporter-output>
          </reporter-output>
        </test-method> <!-- tc_001_verifyLoginfunctionality -->
        <test-method is-config="true" signature="tearDown(org.testng.ITestResult)[pri:0, instance:com.snow.TestCases.LoginTests@327514f]" started-at="2025-11-01T23:46:09 IST" name="tearDown" finished-at="2025-11-01T23:46:09 IST" duration-ms="258" status="PASS">
          <params>
            <param index="0">
              <value>
                <![CDATA[[TestResult name=tc_001_verifyLoginfunctionality status=SUCCESS method=LoginTests.tc_001_verifyLoginfunctionality(java.lang.String,java.lang.String)[pri:0, instance:com.snow.TestCases.LoginTests@327514f] output={null}]]]>
              </value>
            </param>
          </params>
          <reporter-output>
          </reporter-output>
        </test-method> <!-- tearDown -->
        <test-method is-config="true" signature="setup(java.lang.String)[pri:0, instance:com.snow.TestCases.LoginTests@327514f]" started-at="2025-11-01T23:46:09 IST" name="setup" finished-at="2025-11-01T23:46:19 IST" duration-ms="10657" status="PASS">
          <params>
            <param index="0">
              <value>
                <![CDATA[Chrome]]>
              </value>
            </param>
          </params>
          <reporter-output>
          </reporter-output>
        </test-method> <!-- setup -->
        <test-method signature="tc_001_verifyLoginfunctionality(java.lang.String,java.lang.String)[pri:0, instance:com.snow.TestCases.LoginTests@327514f]" started-at="2025-11-01T23:46:19 IST" name="tc_001_verifyLoginfunctionality" data-provider="loginData" finished-at="2025-11-01T23:46:22 IST" duration-ms="2251" status="PASS">
          <params>
            <param index="0">
              <value>
                <![CDATA[admin]]>
              </value>
            </param>
            <param index="1">
              <value>
                <![CDATA[ywTcJ@bI6A+2]]>
              </value>
            </param>
          </params>
          <reporter-output>
          </reporter-output>
        </test-method> <!-- tc_001_verifyLoginfunctionality -->
        <test-method is-config="true" signature="tearDown(org.testng.ITestResult)[pri:0, instance:com.snow.TestCases.LoginTests@327514f]" started-at="2025-11-01T23:46:22 IST" name="tearDown" finished-at="2025-11-01T23:46:22 IST" duration-ms="495" status="PASS">
          <params>
            <param index="0">
              <value>
                <![CDATA[[TestResult name=tc_001_verifyLoginfunctionality status=SUCCESS method=LoginTests.tc_001_verifyLoginfunctionality(java.lang.String,java.lang.String)[pri:0, instance:com.snow.TestCases.LoginTests@327514f] output={null}]]]>
              </value>
            </param>
          </params>
          <reporter-output>
          </reporter-output>
        </test-method> <!-- tearDown -->
        <test-method is-config="true" signature="setup(java.lang.String)[pri:0, instance:com.snow.TestCases.LoginTests@327514f]" started-at="2025-11-01T23:46:22 IST" name="setup" finished-at="2025-11-01T23:46:33 IST" duration-ms="10659" status="PASS">
          <params>
            <param index="0">
              <value>
                <![CDATA[Chrome]]>
              </value>
            </param>
          </params>
          <reporter-output>
          </reporter-output>
        </test-method> <!-- setup -->
        <test-method signature="tc_001_verifyLoginfunctionality(java.lang.String,java.lang.String)[pri:0, instance:com.snow.TestCases.LoginTests@327514f]" started-at="2025-11-01T23:46:33 IST" name="tc_001_verifyLoginfunctionality" data-provider="loginData" finished-at="2025-11-01T23:46:35 IST" duration-ms="1700" status="PASS">
          <params>
            <param index="0">
              <value>
                <![CDATA[admin2]]>
              </value>
            </param>
            <param index="1">
              <value>
                <![CDATA[ywTcJ@bI6A+1]]>
              </value>
            </param>
          </params>
          <reporter-output>
          </reporter-output>
        </test-method> <!-- tc_001_verifyLoginfunctionality -->
        <test-method is-config="true" signature="tearDown(org.testng.ITestResult)[pri:0, instance:com.snow.TestCases.LoginTests@327514f]" started-at="2025-11-01T23:46:35 IST" name="tearDown" finished-at="2025-11-01T23:46:35 IST" duration-ms="320" status="PASS">
          <params>
            <param index="0">
              <value>
                <![CDATA[[TestResult name=tc_001_verifyLoginfunctionality status=SUCCESS method=LoginTests.tc_001_verifyLoginfunctionality(java.lang.String,java.lang.String)[pri:0, instance:com.snow.TestCases.LoginTests@327514f] output={null}]]]>
              </value>
            </param>
          </params>
          <reporter-output>
          </reporter-output>
        </test-method> <!-- tearDown -->
      </class> <!-- com.snow.TestCases.LoginTests -->
    </test> <!-- SnowTestChrome -->
    <test started-at="2025-11-01T23:46:35 IST" name="SnowTestEdge" finished-at="2025-11-01T23:49:01 IST" duration-ms="146215">
      <class name="com.snow.TestCases.IncidentTests">
        <test-method is-config="true" signature="setup(java.lang.String)[pri:0, instance:com.snow.TestCases.IncidentTests@65e98b1c]" started-at="2025-11-01T23:46:35 IST" name="setup" finished-at="2025-11-01T23:46:43 IST" duration-ms="8045" status="PASS">
          <params>
            <param index="0">
              <value>
                <![CDATA[Edge]]>
              </value>
            </param>
          </params>
          <reporter-output>
          </reporter-output>
        </test-method> <!-- setup -->
        <test-method signature="verifyIncidentProcess(java.lang.String,java.lang.String,java.lang.String,java.lang.String,java.lang.String,java.lang.String,java.lang.String,java.lang.String,java.lang.String)[pri:0, instance:com.snow.TestCases.IncidentTests@65e98b1c]" started-at="2025-11-01T23:46:43 IST" name="verifyIncidentProcess" data-provider="Incident data" finished-at="2025-11-01T23:47:11 IST" duration-ms="28117" status="PASS">
          <params>
            <param index="0">
              <value>
                <![CDATA[1 - High]]>
              </value>
            </param>
            <param index="1">
              <value>
                <![CDATA[1 - High]]>
              </value>
            </param>
            <param index="2">
              <value>
                <![CDATA[1 - Critical]]>
              </value>
            </param>
            <param index="3">
              <value>
                <![CDATA[Software]]>
              </value>
            </param>
            <param index="4">
              <value>
                <![CDATA[Operating System]]>
              </value>
            </param>
            <param index="5">
              <value>
                <![CDATA[Abel Tuter]]>
              </value>
            </param>
            <param index="6">
              <value>
                <![CDATA[P1 Incident]]>
              </value>
            </param>
            <param index="7">
              <value>
                <![CDATA[Phone]]>
              </value>
            </param>
            <param index="8">
              <value>
                <![CDATA[App Engine Admins]]>
              </value>
            </param>
          </params>
          <reporter-output>
          </reporter-output>
        </test-method> <!-- verifyIncidentProcess -->
        <test-method is-config="true" signature="tearDown(org.testng.ITestResult)[pri:0, instance:com.snow.TestCases.IncidentTests@65e98b1c]" started-at="2025-11-01T23:47:11 IST" name="tearDown" finished-at="2025-11-01T23:47:11 IST" duration-ms="257" status="PASS">
          <params>
            <param index="0">
              <value>
                <![CDATA[[TestResult name=verifyIncidentProcess status=SUCCESS method=IncidentTests.verifyIncidentProcess(java.lang.String,java.lang.String,java.lang.String,java.lang.String,java.lang.String,java.lang.String,java.lang.String,java.lang.String,java.lang.String)[pri:0, instance:com.snow.TestCases.IncidentTests@65e98b1c] output={null}]]]>
              </value>
            </param>
          </params>
          <reporter-output>
          </reporter-output>
        </test-method> <!-- tearDown -->
        <test-method is-config="true" signature="setup(java.lang.String)[pri:0, instance:com.snow.TestCases.IncidentTests@65e98b1c]" started-at="2025-11-01T23:47:11 IST" name="setup" finished-at="2025-11-01T23:47:21 IST" duration-ms="9878" status="PASS">
          <params>
            <param index="0">
              <value>
                <![CDATA[Edge]]>
              </value>
            </param>
          </params>
          <reporter-output>
          </reporter-output>
        </test-method> <!-- setup -->
        <test-method signature="verifyIncidentProcess(java.lang.String,java.lang.String,java.lang.String,java.lang.String,java.lang.String,java.lang.String,java.lang.String,java.lang.String,java.lang.String)[pri:0, instance:com.snow.TestCases.IncidentTests@65e98b1c]" started-at="2025-11-01T23:47:21 IST" name="verifyIncidentProcess" data-provider="Incident data" finished-at="2025-11-01T23:47:49 IST" duration-ms="27265" status="PASS">
          <params>
            <param index="0">
              <value>
                <![CDATA[2 - Medium]]>
              </value>
            </param>
            <param index="1">
              <value>
                <![CDATA[2 - Medium]]>
              </value>
            </param>
            <param index="2">
              <value>
                <![CDATA[3 - Moderate]]>
              </value>
            </param>
            <param index="3">
              <value>
                <![CDATA[Hardware]]>
              </value>
            </param>
            <param index="4">
              <value>
                <![CDATA[Keyboard]]>
              </value>
            </param>
            <param index="5">
              <value>
                <![CDATA[Beverley Bunche]]>
              </value>
            </param>
            <param index="6">
              <value>
                <![CDATA[P3 Incident]]>
              </value>
            </param>
            <param index="7">
              <value>
                <![CDATA[Self-service]]>
              </value>
            </param>
            <param index="8">
              <value>
                <![CDATA[Business Application Registration Approval Group]]>
              </value>
            </param>
          </params>
          <reporter-output>
          </reporter-output>
        </test-method> <!-- verifyIncidentProcess -->
        <test-method is-config="true" signature="tearDown(org.testng.ITestResult)[pri:0, instance:com.snow.TestCases.IncidentTests@65e98b1c]" started-at="2025-11-01T23:47:49 IST" name="tearDown" finished-at="2025-11-01T23:47:49 IST" duration-ms="323" status="PASS">
          <params>
            <param index="0">
              <value>
                <![CDATA[[TestResult name=verifyIncidentProcess status=SUCCESS method=IncidentTests.verifyIncidentProcess(java.lang.String,java.lang.String,java.lang.String,java.lang.String,java.lang.String,java.lang.String,java.lang.String,java.lang.String,java.lang.String)[pri:0, instance:com.snow.TestCases.IncidentTests@65e98b1c] output={null}]]]>
              </value>
            </param>
          </params>
          <reporter-output>
          </reporter-output>
        </test-method> <!-- tearDown -->
        <test-method is-config="true" signature="setup(java.lang.String)[pri:0, instance:com.snow.TestCases.IncidentTests@65e98b1c]" started-at="2025-11-01T23:47:49 IST" name="setup" finished-at="2025-11-01T23:47:59 IST" duration-ms="9936" status="PASS">
          <params>
            <param index="0">
              <value>
                <![CDATA[Edge]]>
              </value>
            </param>
          </params>
          <reporter-output>
          </reporter-output>
        </test-method> <!-- setup -->
        <test-method signature="verifyIncidentProcess(java.lang.String,java.lang.String,java.lang.String,java.lang.String,java.lang.String,java.lang.String,java.lang.String,java.lang.String,java.lang.String)[pri:0, instance:com.snow.TestCases.IncidentTests@65e98b1c]" started-at="2025-11-01T23:47:59 IST" name="verifyIncidentProcess" data-provider="Incident data" finished-at="2025-11-01T23:48:24 IST" duration-ms="25543" status="PASS">
          <params>
            <param index="0">
              <value>
                <![CDATA[3 - Low]]>
              </value>
            </param>
            <param index="1">
              <value>
                <![CDATA[3 - Low]]>
              </value>
            </param>
            <param index="2">
              <value>
                <![CDATA[5 - Planning]]>
              </value>
            </param>
            <param index="3">
              <value>
                <![CDATA[Inquiry / Help]]>
              </value>
            </param>
            <param index="4">
              <value>
                <![CDATA[Internal Application]]>
              </value>
            </param>
            <param index="5">
              <value>
                <![CDATA[Charity Dyckman]]>
              </value>
            </param>
            <param index="6">
              <value>
                <![CDATA[P5 Incident]]>
              </value>
            </param>
            <param index="7">
              <value>
                <![CDATA[Email]]>
              </value>
            </param>
            <param index="8">
              <value>
                <![CDATA[Change Management]]>
              </value>
            </param>
          </params>
          <reporter-output>
          </reporter-output>
        </test-method> <!-- verifyIncidentProcess -->
        <test-method is-config="true" signature="tearDown(org.testng.ITestResult)[pri:0, instance:com.snow.TestCases.IncidentTests@65e98b1c]" started-at="2025-11-01T23:48:24 IST" name="tearDown" finished-at="2025-11-01T23:48:25 IST" duration-ms="408" status="PASS">
          <params>
            <param index="0">
              <value>
                <![CDATA[[TestResult name=verifyIncidentProcess status=SUCCESS method=IncidentTests.verifyIncidentProcess(java.lang.String,java.lang.String,java.lang.String,java.lang.String,java.lang.String,java.lang.String,java.lang.String,java.lang.String,java.lang.String)[pri:0, instance:com.snow.TestCases.IncidentTests@65e98b1c] output={null}]]]>
              </value>
            </param>
          </params>
          <reporter-output>
          </reporter-output>
        </test-method> <!-- tearDown -->
      </class> <!-- com.snow.TestCases.IncidentTests -->
      <class name="com.snow.TestCases.LoginTests">
        <test-method is-config="true" signature="setup(java.lang.String)[pri:0, instance:com.snow.TestCases.LoginTests@61322f9d]" started-at="2025-11-01T23:48:25 IST" name="setup" finished-at="2025-11-01T23:48:33 IST" duration-ms="7755" status="PASS">
          <params>
            <param index="0">
              <value>
                <![CDATA[Edge]]>
              </value>
            </param>
          </params>
          <reporter-output>
          </reporter-output>
        </test-method> <!-- setup -->
        <test-method signature="tc_001_verifyLoginfunctionality(java.lang.String,java.lang.String)[pri:0, instance:com.snow.TestCases.LoginTests@61322f9d]" started-at="2025-11-01T23:48:33 IST" name="tc_001_verifyLoginfunctionality" data-provider="loginData" finished-at="2025-11-01T23:48:37 IST" duration-ms="4564" status="PASS">
          <params>
            <param index="0">
              <value>
                <![CDATA[admin]]>
              </value>
            </param>
            <param index="1">
              <value>
                <![CDATA[ywTcJ@bI6A+1]]>
              </value>
            </param>
          </params>
          <reporter-output>
          </reporter-output>
        </test-method> <!-- tc_001_verifyLoginfunctionality -->
        <test-method is-config="true" signature="tearDown(org.testng.ITestResult)[pri:0, instance:com.snow.TestCases.LoginTests@61322f9d]" started-at="2025-11-01T23:48:37 IST" name="tearDown" finished-at="2025-11-01T23:48:37 IST" duration-ms="330" status="PASS">
          <params>
            <param index="0">
              <value>
                <![CDATA[[TestResult name=tc_001_verifyLoginfunctionality status=SUCCESS method=LoginTests.tc_001_verifyLoginfunctionality(java.lang.String,java.lang.String)[pri:0, instance:com.snow.TestCases.LoginTests@61322f9d] output={null}]]]>
              </value>
            </param>
          </params>
          <reporter-output>
          </reporter-output>
        </test-method> <!-- tearDown -->
        <test-method is-config="true" signature="setup(java.lang.String)[pri:0, instance:com.snow.TestCases.LoginTests@61322f9d]" started-at="2025-11-01T23:48:37 IST" name="setup" finished-at="2025-11-01T23:48:45 IST" duration-ms="7809" status="PASS">
          <params>
            <param index="0">
              <value>
                <![CDATA[Edge]]>
              </value>
            </param>
          </params>
          <reporter-output>
          </reporter-output>
        </test-method> <!-- setup -->
        <test-method signature="tc_001_verifyLoginfunctionality(java.lang.String,java.lang.String)[pri:0, instance:com.snow.TestCases.LoginTests@61322f9d]" started-at="2025-11-01T23:48:45 IST" name="tc_001_verifyLoginfunctionality" data-provider="loginData" finished-at="2025-11-01T23:48:48 IST" duration-ms="2686" status="PASS">
          <params>
            <param index="0">
              <value>
                <![CDATA[admin]]>
              </value>
            </param>
            <param index="1">
              <value>
                <![CDATA[ywTcJ@bI6A+2]]>
              </value>
            </param>
          </params>
          <reporter-output>
          </reporter-output>
        </test-method> <!-- tc_001_verifyLoginfunctionality -->
        <test-method is-config="true" signature="tearDown(org.testng.ITestResult)[pri:0, instance:com.snow.TestCases.LoginTests@61322f9d]" started-at="2025-11-01T23:48:48 IST" name="tearDown" finished-at="2025-11-01T23:48:48 IST" duration-ms="366" status="PASS">
          <params>
            <param index="0">
              <value>
                <![CDATA[[TestResult name=tc_001_verifyLoginfunctionality status=SUCCESS method=LoginTests.tc_001_verifyLoginfunctionality(java.lang.String,java.lang.String)[pri:0, instance:com.snow.TestCases.LoginTests@61322f9d] output={null}]]]>
              </value>
            </param>
          </params>
          <reporter-output>
          </reporter-output>
        </test-method> <!-- tearDown -->
        <test-method is-config="true" signature="setup(java.lang.String)[pri:0, instance:com.snow.TestCases.LoginTests@61322f9d]" started-at="2025-11-01T23:48:48 IST" name="setup" finished-at="2025-11-01T23:48:59 IST" duration-ms="10217" status="PASS">
          <params>
            <param index="0">
              <value>
                <![CDATA[Edge]]>
              </value>
            </param>
          </params>
          <reporter-output>
          </reporter-output>
        </test-method> <!-- setup -->
        <test-method signature="tc_001_verifyLoginfunctionality(java.lang.String,java.lang.String)[pri:0, instance:com.snow.TestCases.LoginTests@61322f9d]" started-at="2025-11-01T23:48:59 IST" name="tc_001_verifyLoginfunctionality" data-provider="loginData" finished-at="2025-11-01T23:49:01 IST" duration-ms="2072" status="PASS">
          <params>
            <param index="0">
              <value>
                <![CDATA[admin2]]>
              </value>
            </param>
            <param index="1">
              <value>
                <![CDATA[ywTcJ@bI6A+1]]>
              </value>
            </param>
          </params>
          <reporter-output>
          </reporter-output>
        </test-method> <!-- tc_001_verifyLoginfunctionality -->
        <test-method is-config="true" signature="tearDown(org.testng.ITestResult)[pri:0, instance:com.snow.TestCases.LoginTests@61322f9d]" started-at="2025-11-01T23:49:01 IST" name="tearDown" finished-at="2025-11-01T23:49:01 IST" duration-ms="509" status="PASS">
          <params>
            <param index="0">
              <value>
                <![CDATA[[TestResult name=tc_001_verifyLoginfunctionality status=SUCCESS method=LoginTests.tc_001_verifyLoginfunctionality(java.lang.String,java.lang.String)[pri:0, instance:com.snow.TestCases.LoginTests@61322f9d] output={null}]]]>
              </value>
            </param>
          </params>
          <reporter-output>
          </reporter-output>
        </test-method> <!-- tearDown -->
      </class> <!-- com.snow.TestCases.LoginTests -->
    </test> <!-- SnowTestEdge -->
  </suite> <!-- SnowSuite -->
</testng-results>
