<?xml version="1.0" encoding="UTF-8"?>
<testng-results ignored="0" total="12" passed="12" failed="0" skipped="0">
  <reporter-output>
  </reporter-output>
  <suite started-at="2025-10-21T15:31:27 IST" name="SnowSuite" finished-at="2025-10-21T15:40:15 IST" duration-ms="527237">
    <groups>
    </groups>
    <test started-at="2025-10-21T15:31:27 IST" name="SnowTestChrome" finished-at="2025-10-21T15:35:22 IST" duration-ms="234894">
      <class name="com.snow.TestCases.IncidentTests">
        <test-method is-config="true" signature="setup(java.lang.String)[pri:0, instance:com.snow.TestCases.IncidentTests@34123d65]" started-at="2025-10-21T15:31:28 IST" name="setup" finished-at="2025-10-21T15:31:40 IST" duration-ms="12241" status="PASS">
          <params>
            <param index="0">
              <value>
                <![CDATA[Chrome]]>
              </value>
            </param>
          </params>
          <reporter-output>
          </reporter-output>
        </test-method> <!-- setup -->
        <test-method signature="verifyIncidentProcess(java.lang.String,java.lang.String,java.lang.String,java.lang.String,java.lang.String,java.lang.String,java.lang.String,java.lang.String,java.lang.String)[pri:0, instance:com.snow.TestCases.IncidentTests@34123d65]" started-at="2025-10-21T15:31:40 IST" name="verifyIncidentProcess" data-provider="Incident data" finished-at="2025-10-21T15:32:16 IST" duration-ms="35965" status="PASS">
          <params>
            <param index="0">
              <value>
                <![CDATA[1 - High]]>
              </value>
            </param>
            <param index="1">
              <value>
                <![CDATA[1 - High]]>
              </value>
            </param>
            <param index="2">
              <value>
                <![CDATA[1 - Critical]]>
              </value>
            </param>
            <param index="3">
              <value>
                <![CDATA[Software]]>
              </value>
            </param>
            <param index="4">
              <value>
                <![CDATA[Operating System]]>
              </value>
            </param>
            <param index="5">
              <value>
                <![CDATA[Abel Tuter]]>
              </value>
            </param>
            <param index="6">
              <value>
                <![CDATA[P1 Incident]]>
              </value>
            </param>
            <param index="7">
              <value>
                <![CDATA[Phone]]>
              </value>
            </param>
            <param index="8">
              <value>
                <![CDATA[App Engine Admins]]>
              </value>
            </param>
          </params>
          <reporter-output>
          </reporter-output>
        </test-method> <!-- verifyIncidentProcess -->
        <test-method is-config="true" signature="tearDown(org.testng.ITestResult)[pri:0, instance:com.snow.TestCases.IncidentTests@34123d65]" started-at="2025-10-21T15:32:16 IST" name="tearDown" finished-at="2025-10-21T15:32:17 IST" duration-ms="366" status="PASS">
          <params>
            <param index="0">
              <value>
                <![CDATA[[TestResult name=verifyIncidentProcess status=SUCCESS method=IncidentTests.verifyIncidentProcess(java.lang.String,java.lang.String,java.lang.String,java.lang.String,java.lang.String,java.lang.String,java.lang.String,java.lang.String,java.lang.String)[pri:0, instance:com.snow.TestCases.IncidentTests@34123d65] output={null}]]]>
              </value>
            </param>
          </params>
          <reporter-output>
          </reporter-output>
        </test-method> <!-- tearDown -->
        <test-method is-config="true" signature="setup(java.lang.String)[pri:0, instance:com.snow.TestCases.IncidentTests@34123d65]" started-at="2025-10-21T15:32:17 IST" name="setup" finished-at="2025-10-21T15:32:29 IST" duration-ms="12346" status="PASS">
          <params>
            <param index="0">
              <value>
                <![CDATA[Chrome]]>
              </value>
            </param>
          </params>
          <reporter-output>
          </reporter-output>
        </test-method> <!-- setup -->
        <test-method signature="verifyIncidentProcess(java.lang.String,java.lang.String,java.lang.String,java.lang.String,java.lang.String,java.lang.String,java.lang.String,java.lang.String,java.lang.String)[pri:0, instance:com.snow.TestCases.IncidentTests@34123d65]" started-at="2025-10-21T15:32:29 IST" name="verifyIncidentProcess" data-provider="Incident data" finished-at="2025-10-21T15:32:54 IST" duration-ms="25148" status="PASS">
          <params>
            <param index="0">
              <value>
                <![CDATA[2 - Medium]]>
              </value>
            </param>
            <param index="1">
              <value>
                <![CDATA[2 - Medium]]>
              </value>
            </param>
            <param index="2">
              <value>
                <![CDATA[3 - Moderate]]>
              </value>
            </param>
            <param index="3">
              <value>
                <![CDATA[Hardware]]>
              </value>
            </param>
            <param index="4">
              <value>
                <![CDATA[Keyboard]]>
              </value>
            </param>
            <param index="5">
              <value>
                <![CDATA[Beverley Bunche]]>
              </value>
            </param>
            <param index="6">
              <value>
                <![CDATA[P3 Incident]]>
              </value>
            </param>
            <param index="7">
              <value>
                <![CDATA[Self-service]]>
              </value>
            </param>
            <param index="8">
              <value>
                <![CDATA[Business Application Registration Approval Group]]>
              </value>
            </param>
          </params>
          <reporter-output>
          </reporter-output>
        </test-method> <!-- verifyIncidentProcess -->
        <test-method is-config="true" signature="tearDown(org.testng.ITestResult)[pri:0, instance:com.snow.TestCases.IncidentTests@34123d65]" started-at="2025-10-21T15:32:54 IST" name="tearDown" finished-at="2025-10-21T15:32:54 IST" duration-ms="278" status="PASS">
          <params>
            <param index="0">
              <value>
                <![CDATA[[TestResult name=verifyIncidentProcess status=SUCCESS method=IncidentTests.verifyIncidentProcess(java.lang.String,java.lang.String,java.lang.String,java.lang.String,java.lang.String,java.lang.String,java.lang.String,java.lang.String,java.lang.String)[pri:0, instance:com.snow.TestCases.IncidentTests@34123d65] output={null}]]]>
              </value>
            </param>
          </params>
          <reporter-output>
          </reporter-output>
        </test-method> <!-- tearDown -->
        <test-method is-config="true" signature="setup(java.lang.String)[pri:0, instance:com.snow.TestCases.IncidentTests@34123d65]" started-at="2025-10-21T15:32:54 IST" name="setup" finished-at="2025-10-21T15:33:13 IST" duration-ms="18537" status="PASS">
          <params>
            <param index="0">
              <value>
                <![CDATA[Chrome]]>
              </value>
            </param>
          </params>
          <reporter-output>
          </reporter-output>
        </test-method> <!-- setup -->
        <test-method signature="verifyIncidentProcess(java.lang.String,java.lang.String,java.lang.String,java.lang.String,java.lang.String,java.lang.String,java.lang.String,java.lang.String,java.lang.String)[pri:0, instance:com.snow.TestCases.IncidentTests@34123d65]" started-at="2025-10-21T15:33:13 IST" name="verifyIncidentProcess" data-provider="Incident data" finished-at="2025-10-21T15:33:40 IST" duration-ms="27396" status="PASS">
          <params>
            <param index="0">
              <value>
                <![CDATA[3 - Low]]>
              </value>
            </param>
            <param index="1">
              <value>
                <![CDATA[3 - Low]]>
              </value>
            </param>
            <param index="2">
              <value>
                <![CDATA[5 - Planning]]>
              </value>
            </param>
            <param index="3">
              <value>
                <![CDATA[Inquiry / Help]]>
              </value>
            </param>
            <param index="4">
              <value>
                <![CDATA[Internal Application]]>
              </value>
            </param>
            <param index="5">
              <value>
                <![CDATA[Charity Dyckman]]>
              </value>
            </param>
            <param index="6">
              <value>
                <![CDATA[P5 Incident]]>
              </value>
            </param>
            <param index="7">
              <value>
                <![CDATA[Email]]>
              </value>
            </param>
            <param index="8">
              <value>
                <![CDATA[Change Management]]>
              </value>
            </param>
          </params>
          <reporter-output>
          </reporter-output>
        </test-method> <!-- verifyIncidentProcess -->
        <test-method is-config="true" signature="tearDown(org.testng.ITestResult)[pri:0, instance:com.snow.TestCases.IncidentTests@34123d65]" started-at="2025-10-21T15:33:40 IST" name="tearDown" finished-at="2025-10-21T15:33:41 IST" duration-ms="423" status="PASS">
          <params>
            <param index="0">
              <value>
                <![CDATA[[TestResult name=verifyIncidentProcess status=SUCCESS method=IncidentTests.verifyIncidentProcess(java.lang.String,java.lang.String,java.lang.String,java.lang.String,java.lang.String,java.lang.String,java.lang.String,java.lang.String,java.lang.String)[pri:0, instance:com.snow.TestCases.IncidentTests@34123d65] output={null}]]]>
              </value>
            </param>
          </params>
          <reporter-output>
          </reporter-output>
        </test-method> <!-- tearDown -->
      </class> <!-- com.snow.TestCases.IncidentTests -->
      <class name="com.snow.TestCases.LoginTests">
        <test-method is-config="true" signature="setup(java.lang.String)[pri:0, instance:com.snow.TestCases.LoginTests@327514f]" started-at="2025-10-21T15:33:41 IST" name="setup" finished-at="2025-10-21T15:34:15 IST" duration-ms="33971" status="PASS">
          <params>
            <param index="0">
              <value>
                <![CDATA[Chrome]]>
              </value>
            </param>
          </params>
          <reporter-output>
          </reporter-output>
        </test-method> <!-- setup -->
        <test-method signature="tc_001_verifyLoginfunctionality(java.lang.String,java.lang.String)[pri:0, instance:com.snow.TestCases.LoginTests@327514f]" started-at="2025-10-21T15:34:15 IST" name="tc_001_verifyLoginfunctionality" data-provider="loginData" finished-at="2025-10-21T15:34:21 IST" duration-ms="6367" status="PASS">
          <params>
            <param index="0">
              <value>
                <![CDATA[admin]]>
              </value>
            </param>
            <param index="1">
              <value>
                <![CDATA[ywTcJ@bI6A+1]]>
              </value>
            </param>
          </params>
          <reporter-output>
          </reporter-output>
        </test-method> <!-- tc_001_verifyLoginfunctionality -->
        <test-method is-config="true" signature="tearDown(org.testng.ITestResult)[pri:0, instance:com.snow.TestCases.LoginTests@327514f]" started-at="2025-10-21T15:34:21 IST" name="tearDown" finished-at="2025-10-21T15:34:22 IST" duration-ms="319" status="PASS">
          <params>
            <param index="0">
              <value>
                <![CDATA[[TestResult name=tc_001_verifyLoginfunctionality status=SUCCESS method=LoginTests.tc_001_verifyLoginfunctionality(java.lang.String,java.lang.String)[pri:0, instance:com.snow.TestCases.LoginTests@327514f] output={null}]]]>
              </value>
            </param>
          </params>
          <reporter-output>
          </reporter-output>
        </test-method> <!-- tearDown -->
        <test-method is-config="true" signature="setup(java.lang.String)[pri:0, instance:com.snow.TestCases.LoginTests@327514f]" started-at="2025-10-21T15:34:22 IST" name="setup" finished-at="2025-10-21T15:34:56 IST" duration-ms="34448" status="PASS">
          <params>
            <param index="0">
              <value>
                <![CDATA[Chrome]]>
              </value>
            </param>
          </params>
          <reporter-output>
          </reporter-output>
        </test-method> <!-- setup -->
        <test-method signature="tc_001_verifyLoginfunctionality(java.lang.String,java.lang.String)[pri:0, instance:com.snow.TestCases.LoginTests@327514f]" started-at="2025-10-21T15:34:56 IST" name="tc_001_verifyLoginfunctionality" data-provider="loginData" finished-at="2025-10-21T15:34:58 IST" duration-ms="1869" status="PASS">
          <params>
            <param index="0">
              <value>
                <![CDATA[admin]]>
              </value>
            </param>
            <param index="1">
              <value>
                <![CDATA[ywTcJ@bI6A+2]]>
              </value>
            </param>
          </params>
          <reporter-output>
          </reporter-output>
        </test-method> <!-- tc_001_verifyLoginfunctionality -->
        <test-method is-config="true" signature="tearDown(org.testng.ITestResult)[pri:0, instance:com.snow.TestCases.LoginTests@327514f]" started-at="2025-10-21T15:34:58 IST" name="tearDown" finished-at="2025-10-21T15:34:58 IST" duration-ms="343" status="PASS">
          <params>
            <param index="0">
              <value>
                <![CDATA[[TestResult name=tc_001_verifyLoginfunctionality status=SUCCESS method=LoginTests.tc_001_verifyLoginfunctionality(java.lang.String,java.lang.String)[pri:0, instance:com.snow.TestCases.LoginTests@327514f] output={null}]]]>
              </value>
            </param>
          </params>
          <reporter-output>
          </reporter-output>
        </test-method> <!-- tearDown -->
        <test-method is-config="true" signature="setup(java.lang.String)[pri:0, instance:com.snow.TestCases.LoginTests@327514f]" started-at="2025-10-21T15:34:58 IST" name="setup" finished-at="2025-10-21T15:35:20 IST" duration-ms="21829" status="PASS">
          <params>
            <param index="0">
              <value>
                <![CDATA[Chrome]]>
              </value>
            </param>
          </params>
          <reporter-output>
          </reporter-output>
        </test-method> <!-- setup -->
        <test-method signature="tc_001_verifyLoginfunctionality(java.lang.String,java.lang.String)[pri:0, instance:com.snow.TestCases.LoginTests@327514f]" started-at="2025-10-21T15:35:20 IST" name="tc_001_verifyLoginfunctionality" data-provider="loginData" finished-at="2025-10-21T15:35:22 IST" duration-ms="1782" status="PASS">
          <params>
            <param index="0">
              <value>
                <![CDATA[admin2]]>
              </value>
            </param>
            <param index="1">
              <value>
                <![CDATA[ywTcJ@bI6A+1]]>
              </value>
            </param>
          </params>
          <reporter-output>
          </reporter-output>
        </test-method> <!-- tc_001_verifyLoginfunctionality -->
        <test-method is-config="true" signature="tearDown(org.testng.ITestResult)[pri:0, instance:com.snow.TestCases.LoginTests@327514f]" started-at="2025-10-21T15:35:22 IST" name="tearDown" finished-at="2025-10-21T15:35:22 IST" duration-ms="376" status="PASS">
          <params>
            <param index="0">
              <value>
                <![CDATA[[TestResult name=tc_001_verifyLoginfunctionality status=SUCCESS method=LoginTests.tc_001_verifyLoginfunctionality(java.lang.String,java.lang.String)[pri:0, instance:com.snow.TestCases.LoginTests@327514f] output={null}]]]>
              </value>
            </param>
          </params>
          <reporter-output>
          </reporter-output>
        </test-method> <!-- tearDown -->
      </class> <!-- com.snow.TestCases.LoginTests -->
    </test> <!-- SnowTestChrome -->
    <test started-at="2025-10-21T15:35:22 IST" name="SnowTestEdge" finished-at="2025-10-21T15:40:15 IST" duration-ms="292324">
      <class name="com.snow.TestCases.IncidentTests">
        <test-method is-config="true" signature="setup(java.lang.String)[pri:0, instance:com.snow.TestCases.IncidentTests@65e98b1c]" started-at="2025-10-21T15:35:22 IST" name="setup" finished-at="2025-10-21T15:36:47 IST" duration-ms="84801" status="PASS">
          <params>
            <param index="0">
              <value>
                <![CDATA[Edge]]>
              </value>
            </param>
          </params>
          <reporter-output>
          </reporter-output>
        </test-method> <!-- setup -->
        <test-method signature="verifyIncidentProcess(java.lang.String,java.lang.String,java.lang.String,java.lang.String,java.lang.String,java.lang.String,java.lang.String,java.lang.String,java.lang.String)[pri:0, instance:com.snow.TestCases.IncidentTests@65e98b1c]" started-at="2025-10-21T15:36:47 IST" name="verifyIncidentProcess" data-provider="Incident data" finished-at="2025-10-21T15:37:12 IST" duration-ms="24959" status="PASS">
          <params>
            <param index="0">
              <value>
                <![CDATA[1 - High]]>
              </value>
            </param>
            <param index="1">
              <value>
                <![CDATA[1 - High]]>
              </value>
            </param>
            <param index="2">
              <value>
                <![CDATA[1 - Critical]]>
              </value>
            </param>
            <param index="3">
              <value>
                <![CDATA[Software]]>
              </value>
            </param>
            <param index="4">
              <value>
                <![CDATA[Operating System]]>
              </value>
            </param>
            <param index="5">
              <value>
                <![CDATA[Abel Tuter]]>
              </value>
            </param>
            <param index="6">
              <value>
                <![CDATA[P1 Incident]]>
              </value>
            </param>
            <param index="7">
              <value>
                <![CDATA[Phone]]>
              </value>
            </param>
            <param index="8">
              <value>
                <![CDATA[App Engine Admins]]>
              </value>
            </param>
          </params>
          <reporter-output>
          </reporter-output>
        </test-method> <!-- verifyIncidentProcess -->
        <test-method is-config="true" signature="tearDown(org.testng.ITestResult)[pri:0, instance:com.snow.TestCases.IncidentTests@65e98b1c]" started-at="2025-10-21T15:37:12 IST" name="tearDown" finished-at="2025-10-21T15:37:12 IST" duration-ms="327" status="PASS">
          <params>
            <param index="0">
              <value>
                <![CDATA[[TestResult name=verifyIncidentProcess status=SUCCESS method=IncidentTests.verifyIncidentProcess(java.lang.String,java.lang.String,java.lang.String,java.lang.String,java.lang.String,java.lang.String,java.lang.String,java.lang.String,java.lang.String)[pri:0, instance:com.snow.TestCases.IncidentTests@65e98b1c] output={null}]]]>
              </value>
            </param>
          </params>
          <reporter-output>
          </reporter-output>
        </test-method> <!-- tearDown -->
        <test-method is-config="true" signature="setup(java.lang.String)[pri:0, instance:com.snow.TestCases.IncidentTests@65e98b1c]" started-at="2025-10-21T15:37:12 IST" name="setup" finished-at="2025-10-21T15:37:28 IST" duration-ms="15919" status="PASS">
          <params>
            <param index="0">
              <value>
                <![CDATA[Edge]]>
              </value>
            </param>
          </params>
          <reporter-output>
          </reporter-output>
        </test-method> <!-- setup -->
        <test-method signature="verifyIncidentProcess(java.lang.String,java.lang.String,java.lang.String,java.lang.String,java.lang.String,java.lang.String,java.lang.String,java.lang.String,java.lang.String)[pri:0, instance:com.snow.TestCases.IncidentTests@65e98b1c]" started-at="2025-10-21T15:37:28 IST" name="verifyIncidentProcess" data-provider="Incident data" finished-at="2025-10-21T15:38:58 IST" duration-ms="89370" status="PASS">
          <params>
            <param index="0">
              <value>
                <![CDATA[2 - Medium]]>
              </value>
            </param>
            <param index="1">
              <value>
                <![CDATA[2 - Medium]]>
              </value>
            </param>
            <param index="2">
              <value>
                <![CDATA[3 - Moderate]]>
              </value>
            </param>
            <param index="3">
              <value>
                <![CDATA[Hardware]]>
              </value>
            </param>
            <param index="4">
              <value>
                <![CDATA[Keyboard]]>
              </value>
            </param>
            <param index="5">
              <value>
                <![CDATA[Beverley Bunche]]>
              </value>
            </param>
            <param index="6">
              <value>
                <![CDATA[P3 Incident]]>
              </value>
            </param>
            <param index="7">
              <value>
                <![CDATA[Self-service]]>
              </value>
            </param>
            <param index="8">
              <value>
                <![CDATA[Business Application Registration Approval Group]]>
              </value>
            </param>
          </params>
          <reporter-output>
          </reporter-output>
        </test-method> <!-- verifyIncidentProcess -->
        <test-method is-config="true" signature="tearDown(org.testng.ITestResult)[pri:0, instance:com.snow.TestCases.IncidentTests@65e98b1c]" started-at="2025-10-21T15:38:58 IST" name="tearDown" finished-at="2025-10-21T15:38:58 IST" duration-ms="348" status="PASS">
          <params>
            <param index="0">
              <value>
                <![CDATA[[TestResult name=verifyIncidentProcess status=SUCCESS method=IncidentTests.verifyIncidentProcess(java.lang.String,java.lang.String,java.lang.String,java.lang.String,java.lang.String,java.lang.String,java.lang.String,java.lang.String,java.lang.String)[pri:0, instance:com.snow.TestCases.IncidentTests@65e98b1c] output={null}]]]>
              </value>
            </param>
          </params>
          <reporter-output>
          </reporter-output>
        </test-method> <!-- tearDown -->
        <test-method is-config="true" signature="setup(java.lang.String)[pri:0, instance:com.snow.TestCases.IncidentTests@65e98b1c]" started-at="2025-10-21T15:38:58 IST" name="setup" finished-at="2025-10-21T15:39:14 IST" duration-ms="15572" status="PASS">
          <params>
            <param index="0">
              <value>
                <![CDATA[Edge]]>
              </value>
            </param>
          </params>
          <reporter-output>
          </reporter-output>
        </test-method> <!-- setup -->
        <test-method signature="verifyIncidentProcess(java.lang.String,java.lang.String,java.lang.String,java.lang.String,java.lang.String,java.lang.String,java.lang.String,java.lang.String,java.lang.String)[pri:0, instance:com.snow.TestCases.IncidentTests@65e98b1c]" started-at="2025-10-21T15:39:14 IST" name="verifyIncidentProcess" data-provider="Incident data" finished-at="2025-10-21T15:39:38 IST" duration-ms="24847" status="PASS">
          <params>
            <param index="0">
              <value>
                <![CDATA[3 - Low]]>
              </value>
            </param>
            <param index="1">
              <value>
                <![CDATA[3 - Low]]>
              </value>
            </param>
            <param index="2">
              <value>
                <![CDATA[5 - Planning]]>
              </value>
            </param>
            <param index="3">
              <value>
                <![CDATA[Inquiry / Help]]>
              </value>
            </param>
            <param index="4">
              <value>
                <![CDATA[Internal Application]]>
              </value>
            </param>
            <param index="5">
              <value>
                <![CDATA[Charity Dyckman]]>
              </value>
            </param>
            <param index="6">
              <value>
                <![CDATA[P5 Incident]]>
              </value>
            </param>
            <param index="7">
              <value>
                <![CDATA[Email]]>
              </value>
            </param>
            <param index="8">
              <value>
                <![CDATA[Change Management]]>
              </value>
            </param>
          </params>
          <reporter-output>
          </reporter-output>
        </test-method> <!-- verifyIncidentProcess -->
        <test-method is-config="true" signature="tearDown(org.testng.ITestResult)[pri:0, instance:com.snow.TestCases.IncidentTests@65e98b1c]" started-at="2025-10-21T15:39:38 IST" name="tearDown" finished-at="2025-10-21T15:39:39 IST" duration-ms="311" status="PASS">
          <params>
            <param index="0">
              <value>
                <![CDATA[[TestResult name=verifyIncidentProcess status=SUCCESS method=IncidentTests.verifyIncidentProcess(java.lang.String,java.lang.String,java.lang.String,java.lang.String,java.lang.String,java.lang.String,java.lang.String,java.lang.String,java.lang.String)[pri:0, instance:com.snow.TestCases.IncidentTests@65e98b1c] output={null}]]]>
              </value>
            </param>
          </params>
          <reporter-output>
          </reporter-output>
        </test-method> <!-- tearDown -->
      </class> <!-- com.snow.TestCases.IncidentTests -->
      <class name="com.snow.TestCases.LoginTests">
        <test-method is-config="true" signature="setup(java.lang.String)[pri:0, instance:com.snow.TestCases.LoginTests@61322f9d]" started-at="2025-10-21T15:39:39 IST" name="setup" finished-at="2025-10-21T15:39:45 IST" duration-ms="6360" status="PASS">
          <params>
            <param index="0">
              <value>
                <![CDATA[Edge]]>
              </value>
            </param>
          </params>
          <reporter-output>
          </reporter-output>
        </test-method> <!-- setup -->
        <test-method signature="tc_001_verifyLoginfunctionality(java.lang.String,java.lang.String)[pri:0, instance:com.snow.TestCases.LoginTests@61322f9d]" started-at="2025-10-21T15:39:45 IST" name="tc_001_verifyLoginfunctionality" data-provider="loginData" finished-at="2025-10-21T15:39:52 IST" duration-ms="6672" status="PASS">
          <params>
            <param index="0">
              <value>
                <![CDATA[admin]]>
              </value>
            </param>
            <param index="1">
              <value>
                <![CDATA[ywTcJ@bI6A+1]]>
              </value>
            </param>
          </params>
          <reporter-output>
          </reporter-output>
        </test-method> <!-- tc_001_verifyLoginfunctionality -->
        <test-method is-config="true" signature="tearDown(org.testng.ITestResult)[pri:0, instance:com.snow.TestCases.LoginTests@61322f9d]" started-at="2025-10-21T15:39:52 IST" name="tearDown" finished-at="2025-10-21T15:39:52 IST" duration-ms="270" status="PASS">
          <params>
            <param index="0">
              <value>
                <![CDATA[[TestResult name=tc_001_verifyLoginfunctionality status=SUCCESS method=LoginTests.tc_001_verifyLoginfunctionality(java.lang.String,java.lang.String)[pri:0, instance:com.snow.TestCases.LoginTests@61322f9d] output={null}]]]>
              </value>
            </param>
          </params>
          <reporter-output>
          </reporter-output>
        </test-method> <!-- tearDown -->
        <test-method is-config="true" signature="setup(java.lang.String)[pri:0, instance:com.snow.TestCases.LoginTests@61322f9d]" started-at="2025-10-21T15:39:52 IST" name="setup" finished-at="2025-10-21T15:39:58 IST" duration-ms="6323" status="PASS">
          <params>
            <param index="0">
              <value>
                <![CDATA[Edge]]>
              </value>
            </param>
          </params>
          <reporter-output>
          </reporter-output>
        </test-method> <!-- setup -->
        <test-method signature="tc_001_verifyLoginfunctionality(java.lang.String,java.lang.String)[pri:0, instance:com.snow.TestCases.LoginTests@61322f9d]" started-at="2025-10-21T15:39:58 IST" name="tc_001_verifyLoginfunctionality" data-provider="loginData" finished-at="2025-10-21T15:40:01 IST" duration-ms="2710" status="PASS">
          <params>
            <param index="0">
              <value>
                <![CDATA[admin]]>
              </value>
            </param>
            <param index="1">
              <value>
                <![CDATA[ywTcJ@bI6A+2]]>
              </value>
            </param>
          </params>
          <reporter-output>
          </reporter-output>
        </test-method> <!-- tc_001_verifyLoginfunctionality -->
        <test-method is-config="true" signature="tearDown(org.testng.ITestResult)[pri:0, instance:com.snow.TestCases.LoginTests@61322f9d]" started-at="2025-10-21T15:40:01 IST" name="tearDown" finished-at="2025-10-21T15:40:01 IST" duration-ms="270" status="PASS">
          <params>
            <param index="0">
              <value>
                <![CDATA[[TestResult name=tc_001_verifyLoginfunctionality status=SUCCESS method=LoginTests.tc_001_verifyLoginfunctionality(java.lang.String,java.lang.String)[pri:0, instance:com.snow.TestCases.LoginTests@61322f9d] output={null}]]]>
              </value>
            </param>
          </params>
          <reporter-output>
          </reporter-output>
        </test-method> <!-- tearDown -->
        <test-method is-config="true" signature="setup(java.lang.String)[pri:0, instance:com.snow.TestCases.LoginTests@61322f9d]" started-at="2025-10-21T15:40:01 IST" name="setup" finished-at="2025-10-21T15:40:12 IST" duration-ms="10921" status="PASS">
          <params>
            <param index="0">
              <value>
                <![CDATA[Edge]]>
              </value>
            </param>
          </params>
          <reporter-output>
          </reporter-output>
        </test-method> <!-- setup -->
        <test-method signature="tc_001_verifyLoginfunctionality(java.lang.String,java.lang.String)[pri:0, instance:com.snow.TestCases.LoginTests@61322f9d]" started-at="2025-10-21T15:40:12 IST" name="tc_001_verifyLoginfunctionality" data-provider="loginData" finished-at="2025-10-21T15:40:14 IST" duration-ms="1828" status="PASS">
          <params>
            <param index="0">
              <value>
                <![CDATA[admin2]]>
              </value>
            </param>
            <param index="1">
              <value>
                <![CDATA[ywTcJ@bI6A+1]]>
              </value>
            </param>
          </params>
          <reporter-output>
          </reporter-output>
        </test-method> <!-- tc_001_verifyLoginfunctionality -->
        <test-method is-config="true" signature="tearDown(org.testng.ITestResult)[pri:0, instance:com.snow.TestCases.LoginTests@61322f9d]" started-at="2025-10-21T15:40:14 IST" name="tearDown" finished-at="2025-10-21T15:40:15 IST" duration-ms="404" status="PASS">
          <params>
            <param index="0">
              <value>
                <![CDATA[[TestResult name=tc_001_verifyLoginfunctionality status=SUCCESS method=LoginTests.tc_001_verifyLoginfunctionality(java.lang.String,java.lang.String)[pri:0, instance:com.snow.TestCases.LoginTests@61322f9d] output={null}]]]>
              </value>
            </param>
          </params>
          <reporter-output>
          </reporter-output>
        </test-method> <!-- tearDown -->
      </class> <!-- com.snow.TestCases.LoginTests -->
    </test> <!-- SnowTestEdge -->
  </suite> <!-- SnowSuite -->
</testng-results>
