<?xml version="1.0" encoding="UTF-8"?>
<!-- Generated by org.testng.reporters.JUnitReportReporter -->
<testsuite hostname="LAPTOP-MRTAKQBR" failures="0" tests="6" name="com.snow.TestCases.LoginTests" time="76.220" errors="0" timestamp="2025-11-01T23:49:01 IST" skipped="0">
  <testcase classname="com.snow.TestCases.LoginTests" name="tc_001_verifyLoginfunctionality" time="13.405"/>
  <testcase classname="com.snow.TestCases.LoginTests" name="tc_001_verifyLoginfunctionality" time="10.861"/>
  <testcase classname="com.snow.TestCases.LoginTests" name="tc_001_verifyLoginfunctionality" time="12.059"/>
  <testcase classname="com.snow.TestCases.LoginTests" name="tc_001_verifyLoginfunctionality" time="12.828"/>
  <testcase classname="com.snow.TestCases.LoginTests" name="tc_001_verifyLoginfunctionality" time="14.448"/>
  <testcase classname="com.snow.TestCases.LoginTests" name="tc_001_verifyLoginfunctionality" time="12.619"/>
</testsuite> <!-- com.snow.TestCases.LoginTests -->
