<?xml version="1.0" encoding="UTF-8"?>
<!-- Generated by org.testng.reporters.JUnitReportReporter -->
<testsuite hostname="LAPTOP-MRTAKQBR" failures="0" tests="6" name="com.snow.TestCases.IncidentTests" time="389.154" errors="0" timestamp="2025-10-21T15:40:15 IST" skipped="0">
  <testcase classname="com.snow.TestCases.IncidentTests" name="verifyIncidentProcess" time="40.108"/>
  <testcase classname="com.snow.TestCases.IncidentTests" name="verifyIncidentProcess" time="105.269"/>
  <testcase classname="com.snow.TestCases.IncidentTests" name="verifyIncidentProcess" time="110.108"/>
  <testcase classname="com.snow.TestCases.IncidentTests" name="verifyIncidentProcess" time="48.629"/>
  <testcase classname="com.snow.TestCases.IncidentTests" name="verifyIncidentProcess" time="43.963"/>
  <testcase classname="com.snow.TestCases.IncidentTests" name="verifyIncidentProcess" time="41.077"/>
</testsuite> <!-- com.snow.TestCases.IncidentTests -->
