<?xml version="1.0" encoding="UTF-8"?>
<!-- Generated by org.testng.reporters.JUnitReportReporter -->
<testsuite hostname="LAPTOP-MRTAKQBR" failures="0" tests="6" name="com.snow.TestCases.IncidentTests" time="214.546" errors="0" timestamp="2025-11-01T23:49:01 IST" skipped="0">
  <testcase classname="com.snow.TestCases.IncidentTests" name="verifyIncidentProcess" time="35.567"/>
  <testcase classname="com.snow.TestCases.IncidentTests" name="verifyIncidentProcess" time="34.274"/>
  <testcase classname="com.snow.TestCases.IncidentTests" name="verifyIncidentProcess" time="37.405"/>
  <testcase classname="com.snow.TestCases.IncidentTests" name="verifyIncidentProcess" time="33.095"/>
  <testcase classname="com.snow.TestCases.IncidentTests" name="verifyIncidentProcess" time="38.461"/>
  <testcase classname="com.snow.TestCases.IncidentTests" name="verifyIncidentProcess" time="35.744"/>
</testsuite> <!-- com.snow.TestCases.IncidentTests -->
