<?xml version="1.0" encoding="UTF-8"?>
<!-- Generated by org.testng.reporters.JUnitReportReporter -->
<testsuite hostname="LAPTOP-MRTAKQBR" failures="0" tests="6" name="com.snow.TestCases.LoginTests" time="144.005" errors="0" timestamp="2025-10-25T18:43:36 IST" skipped="0">
  <testcase classname="com.snow.TestCases.LoginTests" name="tc_001_verifyLoginfunctionality" time="20.335"/>
  <testcase classname="com.snow.TestCases.LoginTests" name="tc_001_verifyLoginfunctionality" time="38.826"/>
  <testcase classname="com.snow.TestCases.LoginTests" name="tc_001_verifyLoginfunctionality" time="24.535"/>
  <testcase classname="com.snow.TestCases.LoginTests" name="tc_001_verifyLoginfunctionality" time="20.822"/>
  <testcase classname="com.snow.TestCases.LoginTests" name="tc_001_verifyLoginfunctionality" time="14.818"/>
  <testcase classname="com.snow.TestCases.LoginTests" name="tc_001_verifyLoginfunctionality" time="24.669"/>
</testsuite> <!-- com.snow.TestCases.LoginTests -->
