<?xml version="1.0" encoding="UTF-8"?>
<!-- Generated by org.testng.reporters.JUnitReportReporter -->
<testsuite hostname="LAPTOP-MRTAKQBR" failures="0" tests="6" name="com.snow.TestCases.IncidentTests" time="257.038" errors="0" timestamp="2025-10-21T16:40:00 IST" skipped="0">
  <testcase classname="com.snow.TestCases.IncidentTests" name="verifyIncidentProcess" time="36.224"/>
  <testcase classname="com.snow.TestCases.IncidentTests" name="verifyIncidentProcess" time="34.038"/>
  <testcase classname="com.snow.TestCases.IncidentTests" name="verifyIncidentProcess" time="46.449"/>
  <testcase classname="com.snow.TestCases.IncidentTests" name="verifyIncidentProcess" time="38.188"/>
  <testcase classname="com.snow.TestCases.IncidentTests" name="verifyIncidentProcess" time="33.585"/>
  <testcase classname="com.snow.TestCases.IncidentTests" name="verifyIncidentProcess" time="68.554"/>
</testsuite> <!-- com.snow.TestCases.IncidentTests -->
